*version
3
data-file-overflow=false
clock=dual
elapsed-time-usec=25118
num-method-calls=3292
clock-call-overhead-nsec=3970
vm=dalvik
*threads
1	main
11	AsyncTask #1
10	Binder_2
9	Binder_1
8	FinalizerWatchdogDaemon
7	FinalizerDaemon
6	ReferenceQueueDaemon
5	Compiler
4	JDWP
3	Signal Catcher
2	GC
*methods
0x571be530	java/nio/CharArrayBuffer	<init>	(I[CI)V	CharArrayBuffer.java	47
0x571be568	java/nio/CharArrayBuffer	<init>	([C)V	CharArrayBuffer.java	39
0x571f3928	android/content/ContentProviderNative	asInterface	(Landroid/os/IBinder;)Landroid/content/IContentProvider;	ContentProviderNative.java	56
0x573a7390	android/webkit/WebSettingsClassic$EventHandler	<init>	(Landroid/webkit/WebSettingsClassic;)V	WebSettingsClassic.java	188
0x573a73c8	android/webkit/WebSettingsClassic$EventHandler	<init>	(Landroid/webkit/WebSettingsClassic;Landroid/webkit/WebSettingsClassic$1;)V	WebSettingsClassic.java	188
0x572041c0	android/content/pm/ProviderInfo$1	createFromParcel	(Landroid/os/Parcel;)Landroid/content/pm/ProviderInfo;	ProviderInfo.java	121
0x572041f8	android/content/pm/ProviderInfo$1	createFromParcel	(Landroid/os/Parcel;)Ljava/lang/Object;	ProviderInfo.java	119
0x5713d638	java/util/concurrent/atomic/AtomicInteger	compareAndSet	(II)Z	AtomicInteger.java	106
0x5713d718	java/util/concurrent/atomic/AtomicInteger	get	()I	AtomicInteger.java	60
0x5713d7c0	java/util/concurrent/atomic/AtomicInteger	getAndIncrement	()I	AtomicInteger.java	132
0x57282070	android/text/method/SingleLineTransformationMethod	getOriginal	()[C	SingleLineTransformationMethod.java	42
0x572820a8	android/text/method/SingleLineTransformationMethod	getReplacement	()[C	SingleLineTransformationMethod.java	50
0x570f7940	java/nio/ByteBuffer	array	()[B	ByteBuffer.java	130
0x570f7978	java/nio/ByteBuffer	arrayOffset	()I	ByteBuffer.java	147
0x570f7fd0	java/nio/ByteBuffer	hasArray	()Z	ByteBuffer.java	597
0x570f77e8	java/nio/ByteBuffer	<init>	(ILjava/nio/MemoryBlock;)V	ByteBuffer.java	117
0x570f7820	java/nio/ByteBuffer	allocate	(I)Ljava/nio/ByteBuffer;	ByteBuffer.java	49
0x572a1bf0	android/view/Window	findViewById	(I)Landroid/view/View;	Window.java	911
0x572a1ec8	android/view/Window	getWindowStyle	()Landroid/content/res/TypedArray;	Window.java	402
0x57137d00	com/android/internal/util/ArrayUtils	idealByteArraySize	(I)I	ArrayUtils.java	-1
0x57137da8	com/android/internal/util/ArrayUtils	idealIntArraySize	(I)I	ArrayUtils.java	58
0x571fcff8	android/content/pm/ApplicationInfo$1	createFromParcel	(Landroid/os/Parcel;)Landroid/content/pm/ApplicationInfo;	ApplicationInfo.java	588
0x571fd030	android/content/pm/ApplicationInfo$1	createFromParcel	(Landroid/os/Parcel;)Ljava/lang/Object;	ApplicationInfo.java	586
0x573a75c0	jp/co/sharp/android/webkit/CustomUtil	getUserAgentString	()Ljava/lang/String;	CustomUtil.java	29
0x573a75f8	jp/co/sharp/android/webkit/CustomUtil	useOriginalUserAgent	()Z	CustomUtil.java	43
0x571fc110	android/content/pm/ComponentInfo	<init>	(Landroid/os/Parcel;)V	ComponentInfo.java	-1
0x571ddce8	android/app/ContextImpl	checkPermission	(Ljava/lang/String;II)I	ContextImpl.java	1311
0x571de0d8	android/app/ContextImpl	getApplicationInfo	()Landroid/content/pm/ApplicationInfo;	ContextImpl.java	621
0x571de1b8	android/app/ContextImpl	getContentResolver	()Landroid/content/ContentResolver;	ContextImpl.java	570
0x571de500	android/app/ContextImpl	getResources	()Landroid/content/res/Resources;	ContextImpl.java	550
0x5711bbf8	java/lang/Enum	<init>	(Ljava/lang/String;I)V	Enum.java	62
0x5712a608	java/util/regex/Splitter	fastSplit	(Ljava/lang/String;Ljava/lang/String;I)[Ljava/lang/String;	Splitter.java	-1
0x5712a640	java/util/regex/Splitter	finishSplit	(Ljava/util/List;Ljava/lang/String;III)[Ljava/lang/String;	Splitter.java	104
0x5712a678	java/util/regex/Splitter	split	(Ljava/util/regex/Pattern;Ljava/lang/String;Ljava/lang/String;I)[Ljava/lang/String;	Splitter.java	79
0x5713dcd8	sun/misc/Unsafe	compareAndSwapInt	(Ljava/lang/Object;JII)Z	Unsafe.java	-2
0x570f04c8	java/lang/ThreadGroup	addThread	(Ljava/lang/Thread;)V	ThreadGroup.java	704
0x570f07a0	java/lang/ThreadGroup	isDestroyed	()Z	ThreadGroup.java	444
0x57281a68	android/text/method/ReplacementTransformationMethod	getTransformation	(Ljava/lang/CharSequence;Landroid/view/View;)Ljava/lang/CharSequence;	ReplacementTransformationMethod.java	53
0x5711ccf0	java/util/HashMap	addNewEntry	(Ljava/lang/Object;Ljava/lang/Object;II)V	HashMap.java	476
0x5711ce40	java/util/HashMap	containsKey	(Ljava/lang/Object;)Z	HashMap.java	-1
0x5711cee8	java/util/HashMap	get	(Ljava/lang/Object;)Ljava/lang/Object;	HashMap.java	-1
0x5711d038	java/util/HashMap	newValueIterator	()Ljava/util/Iterator;	HashMap.java	894
0x5711d0e0	java/util/HashMap	put	(Ljava/lang/Object;Ljava/lang/Object;)Ljava/lang/Object;	HashMap.java	386
0x5711d188	java/util/HashMap	size	()I	HashMap.java	280
0x5711d1c0	java/util/HashMap	values	()Ljava/util/Collection;	HashMap.java	707
0x5711c8c0	java/util/HashMap	<init>	()V	HashMap.java	125
0x5711cab8	java/util/HashMap	doubleCapacity	()[Ljava/util/HashMap$HashMapEntry;	HashMap.java	569
0x5711cb28	java/util/HashMap	makeTable	(I)[Ljava/util/HashMap$HashMapEntry;	HashMap.java	555
0x5711cc78	java/util/HashMap	secondaryHash	(I)I	HashMap.java	973
0x571b3b00	java/util/Arrays	checkOffsetAndCount	(III)V	Arrays.java	1730
0x571e6bc8	android/app/IActivityManager$ContentProviderHolder	<init>	(Landroid/os/Parcel;)V	IActivityManager.java	403
0x571e6c00	android/app/IActivityManager$ContentProviderHolder	<init>	(Landroid/os/Parcel;Landroid/app/IActivityManager$1;)V	IActivityManager.java	367
0x570f0cc0	java/lang/VMThread	getStatus	()I	VMThread.java	-2
0x570f0ba0	java/lang/VMThread	create	(Ljava/lang/Thread;J)V	VMThread.java	-2
0x570f0bd8	java/lang/VMThread	currentThread	()Ljava/lang/Thread;	VMThread.java	-2
0x570f0c10	java/lang/VMThread	interrupted	()Z	VMThread.java	-2
0x57129ad8	java/lang/AbstractStringBuilder	append0	(C)V	AbstractStringBuilder.java	131
0x57129b10	java/lang/AbstractStringBuilder	append0	(Ljava/lang/CharSequence;II)V	AbstractStringBuilder.java	152
0x57129b48	java/lang/AbstractStringBuilder	append0	(Ljava/lang/String;)V	AbstractStringBuilder.java	138
0x57129bf0	java/lang/AbstractStringBuilder	appendNull	()V	AbstractStringBuilder.java	-1
0x5712a050	java/lang/AbstractStringBuilder	length	()I	AbstractStringBuilder.java	381
0x5712a2b8	java/lang/AbstractStringBuilder	toString	()Ljava/lang/String;	AbstractStringBuilder.java	-1
0x57129948	java/lang/AbstractStringBuilder	<init>	()V	AbstractStringBuilder.java	74
0x57129980	java/lang/AbstractStringBuilder	<init>	(I)V	AbstractStringBuilder.java	78
0x571299f0	java/lang/AbstractStringBuilder	enlargeBuffer	(I)V	AbstractStringBuilder.java	-1
0x570feaa0	java/lang/Character	isDigit	(C)Z	Character.java	2686
0x570fead8	java/lang/Character	isDigit	(I)Z	Character.java	2699
0x570feb48	java/lang/Character	isHighSurrogate	(C)Z	Character.java	1689
0x570ff788	java/lang/Character	toLowerCase	(C)C	Character.java	3201
0x570ff7c0	java/lang/Character	toLowerCase	(I)I	Character.java	3216
0x57247968	java/lang/IntegralToString	appendInt	(Ljava/lang/AbstractStringBuilder;I)V	IntegralToString.java	173
0x57247a48	java/lang/IntegralToString	convertInt	(Ljava/lang/AbstractStringBuilder;I)Ljava/lang/String;	IntegralToString.java	-1
0x571d5b38	android/app/ActivityThread$ProviderRefCount	<init>	(Landroid/app/IActivityManager$ContentProviderHolder;Landroid/app/ActivityThread$ProviderClientRecord;II)V	ActivityThread.java	2951
0x571bb5f0	java/io/InputStreamReader	close	()V	InputStreamReader.java	139
0x571bb698	java/io/InputStreamReader	read	([CII)I	InputStreamReader.java	-1
0x571bb4d0	java/io/InputStreamReader	<init>	(Ljava/io/InputStream;)V	InputStreamReader.java	59
0x571bb540	java/io/InputStreamReader	<init>	(Ljava/io/InputStream;Ljava/nio/charset/Charset;)V	InputStreamReader.java	-1
0x571bb5b0	java/io/InputStreamReader	isOpen	()Z	InputStreamReader.java	286
0x571acba8	java/net/URL	<init>	(Ljava/lang/String;)V	URL.java	-1
0x571accc0	java/net/URL	<init>	(Ljava/net/URL;Ljava/lang/String;Ljava/net/URLStreamHandler;)V	URL.java	152
0x57370058	java/util/concurrent/FutureTask$Sync	innerRun	()V	FutureTask.java	-1
0x5736fec8	java/util/concurrent/FutureTask$Sync	<init>	(Ljava/util/concurrent/FutureTask;Ljava/util/concurrent/Callable;)V	FutureTask.java	186
0x571c8210	android/view/ViewGroup$MarginLayoutParams	onResolveLayoutDirection	(I)V	ViewGroup.java	-1
0x57195618	android/app/Activity	findViewById	(I)Landroid/view/View;	Activity.java	1832
0x571957d8	android/app/Activity	getApplication	()Landroid/app/Application;	Activity.java	779
0x57195a78	android/app/Activity	getLoaderManager	(IZZ)Landroid/app/LoaderManagerImpl;	Activity.java	822
0x57195c70	android/app/Activity	getTitle	()Ljava/lang/CharSequence;	Activity.java	4461
0x57195ca8	android/app/Activity	getTitleColor	()I	Activity.java	4465
0x57195d18	android/app/Activity	getWindow	()Landroid/view/Window;	Activity.java	806
0x57195e68	android/app/Activity	isChild	()Z	Activity.java	784
0x57196a00	android/app/Activity	onPostCreate	(Landroid/os/Bundle;)V	Activity.java	-1
0x57196bf8	android/app/Activity	onResume	()V	Activity.java	1087
0x57196d10	android/app/Activity	onStart	()V	Activity.java	-1
0x57196d80	android/app/Activity	onTitleChanged	(Ljava/lang/CharSequence;I)V	Activity.java	4469
0x57197020	android/app/Activity	performCreate	(Landroid/os/Bundle;)V	Activity.java	-1
0x571970c8	android/app/Activity	performRestart	()V	Activity.java	-1
0x57197138	android/app/Activity	performResume	()V	Activity.java	-1
0x571971a8	android/app/Activity	performStart	()V	Activity.java	5022
0x57150098	android/view/View	dispatchVisibilityChanged	(Landroid/view/View;I)V	View.java	7378
0x57150370	android/view/View	findViewById	(I)Landroid/view/View;	View.java	14792
0x57150450	android/view/View	findViewTraversal	(I)Landroid/view/View;	View.java	14753
0x57151950	android/view/View	getResolvedLayoutDirection	()I	View.java	5714
0x571527f8	android/view/View	invalidate	(IIII)V	View.java	-1
0x57152868	android/view/View	invalidate	(Z)V	View.java	-1
0x571528a0	android/view/View	invalidateDrawable	(Landroid/graphics/drawable/Drawable;)V	View.java	13925
0x57152e18	android/view/View	isLayoutRequested	()Z	View.java	13749
0x57152ec0	android/view/View	isOpaque	()Z	View.java	-1
0x57153358	android/view/View	needGlobalAttributesUpdate	(Z)V	View.java	7546
0x57154040	android/view/View	onVisibilityChanged	(Landroid/view/View;I)V	View.java	7389
0x57154858	android/view/View	requestLayout	()V	View.java	15157
0x57155230	android/view/View	setFlags	(II)V	View.java	-1
0x57156260	android/view/View	setVisibility	(I)V	View.java	-1
0x571565e0	android/view/View	verifyDrawable	(Landroid/graphics/drawable/Drawable;)Z	View.java	14019
0x5714eed8	android/view/View	skipInvalidate	()Z	View.java	10118
0x5713a450	android/os/Process	myPid	()I	Process.java	-2
0x5713a4c0	android/os/Process	myUid	()I	Process.java	-2
0x5713a798	android/os/Process	setThreadPriority	(I)V	Process.java	-2
0x57198428	android/content/ContextWrapper	checkPermission	(Ljava/lang/String;II)I	ContextWrapper.java	421
0x571987e0	android/content/ContextWrapper	getApplicationInfo	()Landroid/content/pm/ApplicationInfo;	ContextWrapper.java	132
0x571988f8	android/content/ContextWrapper	getContentResolver	()Landroid/content/ContentResolver;	ContextWrapper.java	91
0x57198bd0	android/content/ContextWrapper	getResources	()Landroid/content/res/Resources;	ContextWrapper.java	81
0x573a77b0	com/example/tracetest/MainActivity$DownloadImageTask	doInBackground	([Ljava/lang/String;)Landroid/graphics/Bitmap;	MainActivity.java	93
0x573a77e8	com/example/tracetest/MainActivity$DownloadImageTask	doInBackground	([Ljava/lang/Object;)Ljava/lang/Object;	MainActivity.java	1
0x573a7770	com/example/tracetest/MainActivity$DownloadImageTask	<init>	(Lcom/example/tracetest/MainActivity;Landroid/widget/ImageView;Ljava/lang/String;Ljava/lang/String;)V	MainActivity.java	85
0x57298990	android/view/ViewGroup	dispatchVisibilityChanged	(Landroid/view/View;I)V	ViewGroup.java	1025
0x57298c30	android/view/ViewGroup	findViewTraversal	(I)Landroid/view/View;	ViewGroup.java	3081
0x57299790	android/view/ViewGroup	onChildVisibilityChanged	(Landroid/view/View;II)V	ViewGroup.java	995
0x571b3378	java/lang/ThreadLocal$Values	access$000	(Ljava/lang/ThreadLocal$Values;)[Ljava/lang/Object;	ThreadLocal.java	144
0x571b33b0	java/lang/ThreadLocal$Values	access$100	(Ljava/lang/ThreadLocal$Values;)I	ThreadLocal.java	144
0x571bbf18	java/nio/HeapByteBuffer	<init>	(I)V	HeapByteBuffer.java	48
0x571bbf88	java/nio/HeapByteBuffer	<init>	([BII)V	HeapByteBuffer.java	52
0x571ba9c0	android/os/Environment	getExternalStorageDirectory	()Ljava/io/File;	Environment.java	190
0x5727e8d0	android/text/TextUtils	indexOf	(Ljava/lang/CharSequence;C)I	TextUtils.java	78
0x5727e908	android/text/TextUtils	indexOf	(Ljava/lang/CharSequence;CI)I	TextUtils.java	82
0x5727ea58	android/text/TextUtils	isEmpty	(Ljava/lang/CharSequence;)Z	TextUtils.java	440
0x5727eef0	android/text/TextUtils	stringOrSpannedString	(Ljava/lang/CharSequence;)Ljava/lang/CharSequence;	TextUtils.java	424
0x570ec288	java/lang/Class	getDeclaredConstructor	([Ljava/lang/Class;)Ljava/lang/reflect/Constructor;	Class.java	-1
0x570eba30	java/lang/Class	classForName	(Ljava/lang/String;ZLjava/lang/ClassLoader;)Ljava/lang/Class;	Class.java	-2
0x570eba68	java/lang/Class	forName	(Ljava/lang/String;)Ljava/lang/Class;	Class.java	172
0x570ebaa0	java/lang/Class	forName	(Ljava/lang/String;ZLjava/lang/ClassLoader;)Ljava/lang/Class;	Class.java	206
0x570ebb10	java/lang/Class	getConstructorOrMethod	(Ljava/lang/String;ZZ[Ljava/lang/Class;)Ljava/lang/reflect/Member;	Class.java	442
0x570ebbb8	java/lang/Class	getDeclaredConstructorOrMethod	(Ljava/lang/Class;Ljava/lang/String;[Ljava/lang/Class;)Ljava/lang/reflect/Member;	Class.java	-2
0x571e25f0	android/content/ContentResolver	acquireProvider	(Ljava/lang/String;)Landroid/content/IContentProvider;	ContentResolver.java	1080
0x571e6d58	android/app/IActivityManager$ContentProviderHolder$1	createFromParcel	(Landroid/os/Parcel;)Landroid/app/IActivityManager$ContentProviderHolder;	IActivityManager.java	395
0x571e6d90	android/app/IActivityManager$ContentProviderHolder$1	createFromParcel	(Landroid/os/Parcel;)Ljava/lang/Object;	IActivityManager.java	393
0x573a6d18	com/example/tracetest/MainActivity$NewApiWrapper	getUserAgent	(Landroid/content/Context;)Ljava/lang/String;	MainActivity.java	141
0x57203fc0	android/content/pm/ProviderInfo	<init>	(Landroid/os/Parcel;)V	ProviderInfo.java	-1
0x57203ff8	android/content/pm/ProviderInfo	<init>	(Landroid/os/Parcel;Landroid/content/pm/ProviderInfo$1;)V	ProviderInfo.java	29
0x570ed250	java/lang/ClassLoader	findLoadedClass	(Ljava/lang/String;)Ljava/lang/Class;	ClassLoader.java	350
0x570ed480	java/lang/ClassLoader	loadClass	(Ljava/lang/String;)Ljava/lang/Class;	ClassLoader.java	461
0x570ed4b8	java/lang/ClassLoader	loadClass	(Ljava/lang/String;Z)Ljava/lang/Class;	ClassLoader.java	491
0x571d4f70	android/os/Handler	getLooper	()Landroid/os/Looper;	Handler.java	566
0x571d5398	android/os/Handler	removeMessages	(I)V	Handler.java	516
0x57367ee8	java/util/Formatter$FormatToken	getArgIndex	()I	Formatter.java	1165
0x57367f20	java/util/Formatter$FormatToken	getConversionType	()C	Formatter.java	1243
0x57368038	java/util/Formatter$FormatToken	isDefault	()Z	Formatter.java	-1
0x573680a8	java/util/Formatter$FormatToken	requireArgument	()Z	Formatter.java	1259
0x57368118	java/util/Formatter$FormatToken	setConversionType	(C)V	Formatter.java	1247
0x57368188	java/util/Formatter$FormatToken	setFlag	(I)Z	Formatter.java	-1
0x57367e38	java/util/Formatter$FormatToken	<init>	()V	Formatter.java	-1
0x57367e70	java/util/Formatter$FormatToken	<init>	(Ljava/util/Formatter$1;)V	Formatter.java	1122
0x570eb670	java/lang/Throwable	fillInStackTrace	()Ljava/lang/Throwable;	Throwable.java	160
0x570eb390	java/lang/Throwable	<init>	()V	Throwable.java	82
0x570eb3c8	java/lang/Throwable	<init>	(Ljava/lang/String;)V	Throwable.java	94
0x570eb518	java/lang/Throwable	nativeFillInStackTrace	()Ljava/lang/Object;	Throwable.java	-2
0x571b2f80	dalvik/system/BlockGuard$1	onReadFromDisk	()V	BlockGuard.java	120
0x57128378	dalvik/system/BaseDexClassLoader	findClass	(Ljava/lang/String;)Ljava/lang/Class;	BaseDexClassLoader.java	58
0x572637c0	android/os/Bundle	getPairValue	()Ljava/lang/String;	Bundle.java	-1
0x57264278	android/os/Bundle	readFromParcelInner	(Landroid/os/Parcel;I)V	Bundle.java	-1
0x572643c8	android/os/Bundle	unparcel	()V	Bundle.java	212
0x57262f30	android/os/Bundle	<init>	(Landroid/os/Parcel;I)V	Bundle.java	-1
0x5725a2e0	android/net/Uri$AbstractPart	getDecoded	()Ljava/lang/String;	Uri.java	1956
0x571d5a60	android/app/ActivityThread$ProviderClientRecord	<init>	(Landroid/app/ActivityThread;[Ljava/lang/String;Landroid/content/IContentProvider;Landroid/content/ContentProvider;Landroid/app/IActivityManager$ContentProviderHolder;)V	ActivityThread.java	321
0x5711d238	java/util/AbstractMap	<init>	()V	AbstractMap.java	171
0x57175078	android/os/Debug	startMethodTracing	(Ljava/lang/String;)V	Debug.java	-1
0x571750e8	android/os/Debug	startMethodTracing	(Ljava/lang/String;II)V	Debug.java	490
0x57175200	android/os/Debug	stopMethodTracing	()V	Debug.java	536
0x570fa020	java/lang/ref/FinalizerReference	<init>	(Ljava/lang/Object;Ljava/lang/ref/ReferenceQueue;)V	FinalizerReference.java	34
0x570fa058	java/lang/ref/FinalizerReference	add	(Ljava/lang/Object;)V	FinalizerReference.java	48
0x572b7370	android/webkit/WebSettings	<init>	()V	WebSettings.java	152
0x5710aa10	java/io/File	getAbsolutePath	()Ljava/lang/String;	File.java	375
0x5710ab98	java/io/File	getPath	()Ljava/lang/String;	File.java	494
0x5710ac78	java/io/File	isAbsolute	()Z	File.java	-1
0x5710a340	java/io/File	<init>	(Ljava/io/File;Ljava/lang/String;)V	File.java	124
0x5710a3b0	java/io/File	<init>	(Ljava/lang/String;Ljava/lang/String;)V	File.java	148
0x5710a570	java/io/File	fixSlashes	(Ljava/lang/String;)Ljava/lang/String;	File.java	184
0x5710a5e0	java/io/File	join	(Ljava/lang/String;Ljava/lang/String;)Ljava/lang/String;	File.java	-1
0x571bae38	java/io/BufferedReader	close	()V	BufferedReader.java	110
0x571baf50	java/io/BufferedReader	readLine	()Ljava/lang/String;	BufferedReader.java	-1
0x571bace0	java/io/BufferedReader	<init>	(Ljava/io/Reader;)V	BufferedReader.java	80
0x571bad18	java/io/BufferedReader	<init>	(Ljava/io/Reader;I)V	BufferedReader.java	-1
0x571bad50	java/io/BufferedReader	checkNotClosed	()V	BufferedReader.java	203
0x571bad88	java/io/BufferedReader	fillBuf	()I	BufferedReader.java	-1
0x571badc0	java/io/BufferedReader	isClosed	()Z	BufferedReader.java	171
0x57140158	android/os/Parcel	appendFrom	(Landroid/os/Parcel;II)V	Parcel.java	428
0x571403f8	android/os/Parcel	createTypedArray	(Landroid/os/Parcelable$Creator;)[Ljava/lang/Object;	Parcel.java	1890
0x571404d8	android/os/Parcel	dataPosition	()I	Parcel.java	351
0x571405b8	android/os/Parcel	hasFileDescriptors	()Z	Parcel.java	435
0x57140778	android/os/Parcel	readBundle	()Landroid/os/Bundle;	Parcel.java	1568
0x571407b0	android/os/Parcel	readBundle	(Ljava/lang/ClassLoader;)Landroid/os/Bundle;	Parcel.java	1578
0x57140970	android/os/Parcel	readException	()V	Parcel.java	1386
0x571409e0	android/os/Parcel	readExceptionCode	()I	Parcel.java	1407
0x57140af8	android/os/Parcel	readInt	()I	Parcel.java	1453
0x57140c48	android/os/Parcel	readMapInternal	(Ljava/util/Map;ILjava/lang/ClassLoader;)V	Parcel.java	2234
0x57140d98	android/os/Parcel	readString	()Ljava/lang/String;	Parcel.java	1483
0x57140e08	android/os/Parcel	readStringArray	()[Ljava/lang/String;	Parcel.java	1616
0x57140e78	android/os/Parcel	readStrongBinder	()Landroid/os/IBinder;	Parcel.java	1498
0x57140f58	android/os/Parcel	readValue	(Ljava/lang/ClassLoader;)Ljava/lang/Object;	Parcel.java	-1
0x57140f90	android/os/Parcel	recycle	()V	Parcel.java	311
0x57141038	android/os/Parcel	setDataPosition	(I)V	Parcel.java	381
0x571411c0	android/os/Parcel	writeBundle	(Landroid/os/Bundle;)V	Parcel.java	600
0x57141498	android/os/Parcel	writeInt	(I)V	Parcel.java	481
0x57141508	android/os/Parcel	writeInterfaceToken	(Ljava/lang/String;)V	Parcel.java	444
0x571417a8	android/os/Parcel	writeString	(Ljava/lang/String;)V	Parcel.java	513
0x57141850	android/os/Parcel	writeStrongBinder	(Landroid/os/IBinder;)V	Parcel.java	530
0x5713f6d0	android/os/Parcel	<init>	(I)V	Parcel.java	2189
0x5713f7e8	android/os/Parcel	freeBuffer	()V	Parcel.java	2208
0x5713f820	android/os/Parcel	init	(I)V	Parcel.java	2198
0x5713f858	android/os/Parcel	nativeAppendFrom	(IIII)V	Parcel.java	-2
0x5713f890	android/os/Parcel	nativeCreate	()I	Parcel.java	-2
0x5713f970	android/os/Parcel	nativeDataPosition	(I)I	Parcel.java	-2
0x5713fa50	android/os/Parcel	nativeFreeBuffer	(I)V	Parcel.java	-2
0x5713fa88	android/os/Parcel	nativeHasFileDescriptors	(I)Z	Parcel.java	-2
0x5713fbd8	android/os/Parcel	nativeReadInt	(I)I	Parcel.java	-2
0x5713fc48	android/os/Parcel	nativeReadString	(I)Ljava/lang/String;	Parcel.java	-2
0x5713fc80	android/os/Parcel	nativeReadStrongBinder	(I)Landroid/os/IBinder;	Parcel.java	-2
0x5713fd28	android/os/Parcel	nativeSetDataPosition	(II)V	Parcel.java	-2
0x5713feb0	android/os/Parcel	nativeWriteInt	(II)V	Parcel.java	-2
0x5713fee8	android/os/Parcel	nativeWriteInterfaceToken	(ILjava/lang/String;)V	Parcel.java	-2
0x5713ff58	android/os/Parcel	nativeWriteString	(ILjava/lang/String;)V	Parcel.java	-2
0x5713ff90	android/os/Parcel	nativeWriteStrongBinder	(ILandroid/os/IBinder;)V	Parcel.java	-2
0x5713ffc8	android/os/Parcel	obtain	()Landroid/os/Parcel;	Parcel.java	288
0x5727f0c0	android/text/TextUtils$1	createFromParcel	(Landroid/os/Parcel;)Ljava/lang/CharSequence;	TextUtils.java	649
0x5727f0f8	android/text/TextUtils$1	createFromParcel	(Landroid/os/Parcel;)Ljava/lang/Object;	TextUtils.java	643
0x571e59c0	android/app/FragmentManagerImpl	dispatchActivityCreated	()V	FragmentManager.java	-1
0x571e5c60	android/app/FragmentManagerImpl	dispatchStart	()V	FragmentManager.java	-1
0x571e5d78	android/app/FragmentManagerImpl	execPendingActions	()Z	FragmentManager.java	-1
0x571e6088	android/app/FragmentManagerImpl	moveToState	(IIIZ)V	FragmentManager.java	-1
0x571e60c0	android/app/FragmentManagerImpl	moveToState	(IZ)V	FragmentManager.java	-1
0x571e6168	android/app/FragmentManagerImpl	noteStateNotSaved	()V	FragmentManager.java	1792
0x573a4fc8	android/os/AsyncTask	execute	([Ljava/lang/Object;)Landroid/os/AsyncTask;	AsyncTask.java	534
0x573a5000	android/os/AsyncTask	executeOnExecutor	(Ljava/util/concurrent/Executor;[Ljava/lang/Object;)Landroid/os/AsyncTask;	AsyncTask.java	572
0x573a51c0	android/os/AsyncTask	onPreExecute	()V	AsyncTask.java	357
0x573a4ce8	android/os/AsyncTask	<init>	()V	AsyncTask.java	280
0x573a4d20	android/os/AsyncTask	access$300	(Landroid/os/AsyncTask;)Ljava/util/concurrent/atomic/AtomicBoolean;	AsyncTask.java	177
0x5725fcf8	android/os/AsyncTask$WorkerRunnable	<init>	()V	AsyncTask.java	653
0x5725fd30	android/os/AsyncTask$WorkerRunnable	<init>	(Landroid/os/AsyncTask$1;)V	AsyncTask.java	653
0x571b05a0	java/util/HashSet	add	(Ljava/lang/Object;)Z	HashSet.java	95
0x571b0648	java/util/HashSet	contains	(Ljava/lang/Object;)Z	HashSet.java	138
0x571b0760	java/util/HashSet	size	()I	HashSet.java	183
0x571009a8	java/lang/Integer	invalidInt	(Ljava/lang/String;)Ljava/lang/NumberFormatException;	Integer.java	138
0x57100ac0	java/lang/Integer	parseInt	(Ljava/lang/String;)I	Integer.java	332
0x57100af8	java/lang/Integer	parseInt	(Ljava/lang/String;I)I	Integer.java	351
0x5731a508	java/lang/StringBuffer	append	(Ljava/lang/String;)Ljava/lang/StringBuffer;	StringBuffer.java	219
0x5731adc8	java/lang/StringBuffer	toString	()Ljava/lang/String;	StringBuffer.java	723
0x5731a148	java/lang/StringBuffer	<init>	()V	StringBuffer.java	59
0x570f4950	java/lang/reflect/Constructor	newInstance	([Ljava/lang/Object;)Ljava/lang/Object;	Constructor.java	417
0x570f44b0	java/lang/reflect/Constructor	<init>	(Ljava/lang/Class;[Ljava/lang/Class;[Ljava/lang/Class;I)V	Constructor.java	97
0x570f44e8	java/lang/reflect/Constructor	constructNative	([Ljava/lang/Object;Ljava/lang/Class;[Ljava/lang/Class;IZ)Ljava/lang/Object;	Constructor.java	-2
0x570ee398	java/lang/String	_getChars	(II[CI)V	String.java	913
0x570ee3d0	java/lang/String	charAt	(I)C	String.java	-2
0x570ee670	java/lang/String	equals	(Ljava/lang/Object;)Z	String.java	-2
0x570ee7f8	java/lang/String	hashCode	()I	String.java	917
0x570ee830	java/lang/String	indexOf	(I)I	String.java	-1
0x570ee868	java/lang/String	indexOf	(II)I	String.java	963
0x570ee948	java/lang/String	isEmpty	()Z	String.java	-2
0x570eea60	java/lang/String	length	()I	String.java	-2
0x570eed70	java/lang/String	substring	(I)Ljava/lang/String;	String.java	1442
0x570eeda8	java/lang/String	substring	(II)Ljava/lang/String;	String.java	1466
0x570eede0	java/lang/String	toCharArray	()[C	String.java	1483
0x570eee18	java/lang/String	toLowerCase	()Ljava/lang/String;	String.java	1495
0x570eee50	java/lang/String	toLowerCase	(Ljava/util/Locale;)Ljava/lang/String;	String.java	1512
0x570eee88	java/lang/String	toString	()Ljava/lang/String;	String.java	1520
0x570eef30	java/lang/String	trim	()Ljava/lang/String;	String.java	-1
0x570edad0	java/lang/String	<init>	(II[C)V	String.java	441
0x570ede88	java/lang/String	<init>	([CII)V	String.java	-1
0x570edfa0	java/lang/String	fastIndexOf	(II)I	String.java	-2
0x570ee010	java/lang/String	format	(Ljava/lang/String;[Ljava/lang/Object;)Ljava/lang/String;	String.java	1972
0x570ee048	java/lang/String	format	(Ljava/util/Locale;Ljava/lang/String;[Ljava/lang/Object;)Ljava/lang/String;	String.java	1993
0x57106df8	libcore/icu/LocaleData	get	(Ljava/util/Locale;)Llibcore/icu/LocaleData;	LocaleData.java	101
0x570f8700	java/nio/Buffer	capacity	()I	Buffer.java	148
0x570f8930	java/nio/Buffer	hasRemaining	()Z	Buffer.java	255
0x570f89d8	java/nio/Buffer	limit	()I	Buffer.java	284
0x570f8a10	java/nio/Buffer	limit	(I)Ljava/nio/Buffer;	Buffer.java	303
0x570f8a48	java/nio/Buffer	limitImpl	(I)V	Buffer.java	-1
0x570f8ab8	java/nio/Buffer	position	()I	Buffer.java	341
0x570f8af0	java/nio/Buffer	position	(I)Ljava/nio/Buffer;	Buffer.java	358
0x570f8b28	java/nio/Buffer	positionImpl	(I)V	Buffer.java	-1
0x570f8b60	java/nio/Buffer	remaining	()I	Buffer.java	380
0x570f8650	java/nio/Buffer	<init>	(IILjava/nio/MemoryBlock;)V	Buffer.java	97
0x57215668	android/graphics/drawable/Drawable	getBounds	()Landroid/graphics/Rect;	Drawable.java	201
0x572156a0	android/graphics/drawable/Drawable	getCallback	()Landroid/graphics/drawable/Drawable$Callback;	Drawable.java	332
0x57215a58	android/graphics/drawable/Drawable	invalidateSelf	()V	Drawable.java	348
0x57215eb8	android/graphics/drawable/Drawable	setVisible	(ZZ)Z	Drawable.java	543
0x571fcc60	android/content/pm/ApplicationInfo	<init>	(Landroid/os/Parcel;)V	ApplicationInfo.java	-1
0x571fcc98	android/content/pm/ApplicationInfo	<init>	(Landroid/os/Parcel;Landroid/content/pm/ApplicationInfo$1;)V	ApplicationInfo.java	34
0x573a7080	android/webkit/WebSettings$ZoomDensity	<clinit>	()V	WebSettings.java	-1
0x573a70b8	android/webkit/WebSettings$ZoomDensity	<init>	(Ljava/lang/String;II)V	WebSettings.java	90
0x571b2790	libcore/io/IoBridge	available	(Ljava/io/FileDescriptor;)I	IoBridge.java	-1
0x571b2b10	libcore/io/IoBridge	open	(Ljava/lang/String;I)Ljava/io/FileDescriptor;	IoBridge.java	396
0x571b2b80	libcore/io/IoBridge	read	(Ljava/io/FileDescriptor;[BII)I	IoBridge.java	-1
0x5711fbb0	dalvik/system/CloseGuard	close	()V	CloseGuard.java	194
0x5711fbe8	dalvik/system/CloseGuard	open	(Ljava/lang/String;)V	CloseGuard.java	176
0x5711fac8	dalvik/system/CloseGuard	get	()Ldalvik/system/CloseGuard;	CloseGuard.java	131
0x571bce30	java/nio/charset/CharsetDecoder	decode	(Ljava/nio/ByteBuffer;Ljava/nio/CharBuffer;Z)Ljava/nio/charset/CoderResult;	CharsetDecoder.java	-1
0x571bd098	java/nio/charset/CharsetDecoder	malformedInputAction	()Ljava/nio/charset/CodingErrorAction;	CharsetDecoder.java	567
0x571bd108	java/nio/charset/CharsetDecoder	onMalformedInput	(Ljava/nio/charset/CodingErrorAction;)Ljava/nio/charset/CharsetDecoder;	CharsetDecoder.java	592
0x571bd140	java/nio/charset/CharsetDecoder	onUnmappableCharacter	(Ljava/nio/charset/CodingErrorAction;)Ljava/nio/charset/CharsetDecoder;	CharsetDecoder.java	614
0x571bd1b0	java/nio/charset/CharsetDecoder	replacement	()Ljava/lang/String;	CharsetDecoder.java	626
0x571bd1e8	java/nio/charset/CharsetDecoder	reset	()Ljava/nio/charset/CharsetDecoder;	CharsetDecoder.java	669
0x571bd220	java/nio/charset/CharsetDecoder	unmappableCharacterAction	()Ljava/nio/charset/CodingErrorAction;	CharsetDecoder.java	679
0x571bccd8	java/nio/charset/CharsetDecoder	<init>	(Ljava/nio/charset/Charset;FF)V	CharsetDecoder.java	-1
0x5733cd00	com/android/internal/widget/ActionBarView	setWindowTitle	(Ljava/lang/CharSequence;)V	ActionBarView.java	537
0x5733c358	com/android/internal/widget/ActionBarView	setTitleImpl	(Ljava/lang/CharSequence;)V	ActionBarView.java	-1
0x571b01d0	libcore/net/UriCodec	decode	(Ljava/lang/String;ZLjava/nio/charset/Charset;Z)Ljava/lang/String;	UriCodec.java	-1
0x571242b8	java/io/InputStream	<init>	()V	InputStream.java	60
0x57113898	libcore/io/OsConstants	S_ISDIR	(I)Z	OsConstants.java	24
0x57113978	libcore/io/OsConstants	S_ISSOCK	(I)Z	OsConstants.java	28
0x57374650	java/util/concurrent/locks/ReentrantLock$Sync	tryRelease	(I)Z	ReentrantLock.java	124
0x571f4408	android/content/ContentProviderProxy	asBinder	()Landroid/os/IBinder;	ContentProviderNative.java	329
0x571f4478	android/content/ContentProviderProxy	call	(Ljava/lang/String;Ljava/lang/String;Landroid/os/Bundle;)Landroid/os/Bundle;	ContentProviderNative.java	563
0x571f4390	android/content/ContentProviderProxy	<init>	(Landroid/os/IBinder;)V	ContentProviderNative.java	323
0x570eb080	java/lang/Object	clone	()Ljava/lang/Object;	Object.java	154
0x570eb128	java/lang/Object	getClass	()Ljava/lang/Class;	Object.java	-2
0x570eb160	java/lang/Object	hashCode	()I	Object.java	-2
0x570eb040	java/lang/Object	internalClone	(Ljava/lang/Cloneable;)Ljava/lang/Object;	Object.java	-2
0x57128ad8	dalvik/system/DexPathList	findClass	(Ljava/lang/String;)Ljava/lang/Class;	DexPathList.java	311
0x572f5648	java/util/Formatter	format	(Ljava/lang/String;[Ljava/lang/Object;)Ljava/util/Formatter;	Formatter.java	1009
0x572f5680	java/util/Formatter	format	(Ljava/util/Locale;Ljava/lang/String;[Ljava/lang/Object;)Ljava/util/Formatter;	Formatter.java	1036
0x572f5760	java/util/Formatter	toString	()Ljava/lang/String;	Formatter.java	934
0x572f4e28	java/util/Formatter	<init>	(Ljava/lang/Appendable;Ljava/util/Locale;)V	Formatter.java	649
0x572f4fe8	java/util/Formatter	checkNotClosed	()V	Formatter.java	894
0x572f5020	java/util/Formatter	doFormat	(Ljava/lang/String;[Ljava/lang/Object;)V	Formatter.java	1048
0x572f5058	java/util/Formatter	getArgument	([Ljava/lang/Object;ILjava/util/Formatter$FormatSpecifierParser;Ljava/lang/Object;Z)Ljava/lang/Object;	Formatter.java	-1
0x572f5138	java/util/Formatter	outputCharSequence	(Ljava/lang/CharSequence;II)V	Formatter.java	1092
0x572f5218	java/util/Formatter	transform	(Ljava/util/Formatter$FormatToken;Ljava/lang/Object;)Ljava/lang/CharSequence;	Formatter.java	-1
0x57199e78	android/content/Context	getString	(I)Ljava/lang/String;	Context.java	292
0x57367cb8	java/util/Formatter$FormatSpecifierParser	parseFormatToken	(I)Ljava/util/Formatter$FormatToken;	Formatter.java	2279
0x57367a10	java/util/Formatter$FormatSpecifierParser	<init>	(Ljava/lang/String;)V	Formatter.java	2269
0x57367a48	java/util/Formatter$FormatSpecifierParser	access$000	(Ljava/util/Formatter$FormatSpecifierParser;)I	Formatter.java	2259
0x57367a80	java/util/Formatter$FormatSpecifierParser	advance	()C	Formatter.java	2297
0x57367b28	java/util/Formatter$FormatSpecifierParser	parseArgumentIndexAndFlags	(Ljava/util/Formatter$FormatToken;)Ljava/util/Formatter$FormatToken;	Formatter.java	2309
0x57367b60	java/util/Formatter$FormatSpecifierParser	parseConversionType	(Ljava/util/Formatter$FormatToken;)Ljava/util/Formatter$FormatToken;	Formatter.java	2377
0x57367c08	java/util/Formatter$FormatSpecifierParser	peek	()I	Formatter.java	2293
0x571b2e20	dalvik/system/BlockGuard	getThreadPolicy	()Ldalvik/system/BlockGuard$Policy;	BlockGuard.java	140
0x5711a578	java/util/AbstractCollection	<init>	()V	AbstractCollection.java	36
0x5725bf48	android/net/Uri$StringUri	getAuthority	()Ljava/lang/String;	Uri.java	579
0x5725bbf8	android/net/Uri$StringUri	getAuthorityPart	()Landroid/net/Uri$Part;	Uri.java	565
0x57330d38	com/android/internal/view/menu/ActionMenuItem	setTitle	(Ljava/lang/CharSequence;)Landroid/view/MenuItem;	ActionMenuItem.java	192
0x571c0be8	java/util/concurrent/FutureTask	run	()V	FutureTask.java	137
0x571c0a58	java/util/concurrent/FutureTask	<init>	(Ljava/util/concurrent/Callable;)V	FutureTask.java	44
0x57113ec8	libcore/io/Posix	close	(Ljava/io/FileDescriptor;)V	Posix.java	-2
0x571140c0	libcore/io/Posix	fstat	(Ljava/io/FileDescriptor;)Llibcore/io/StructStat;	Posix.java	-2
0x57114638	libcore/io/Posix	ioctlInt	(Ljava/io/FileDescriptor;ILlibcore/util/MutableInt;)I	Posix.java	-2
0x57114910	libcore/io/Posix	open	(Ljava/lang/String;II)Ljava/io/FileDescriptor;	Posix.java	-2
0x57114ad0	libcore/io/Posix	read	(Ljava/io/FileDescriptor;[BII)I	Posix.java	118
0x57113d00	libcore/io/Posix	readBytes	(Ljava/io/FileDescriptor;Ljava/lang/Object;II)I	Posix.java	-2
0x571ad918	java/util/Locale	clone	()Ljava/lang/Object;	Locale.java	301
0x571ad950	java/util/Locale	equals	(Ljava/lang/Object;)Z	Locale.java	-1
0x571ad988	java/util/Locale	getCountry	()Ljava/lang/String;	Locale.java	347
0x571adbf0	java/util/Locale	getLanguage	()Ljava/lang/String;	Locale.java	528
0x571adc98	java/util/Locale	toString	()Ljava/lang/String;	Locale.java	573
0x571ad788	java/util/Locale	getDefault	()Ljava/util/Locale;	Locale.java	358
0x5736d928	java/util/concurrent/locks/ReentrantLock	lock	()V	ReentrantLock.java	261
0x5736da78	java/util/concurrent/locks/ReentrantLock	unlock	()V	ReentrantLock.java	431
0x571a19a8	android/content/res/Configuration	setTo	(Landroid/content/res/Configuration;)V	Configuration.java	437
0x571a1658	android/content/res/Configuration	<init>	(Landroid/content/res/Configuration;)V	Configuration.java	432
0x571bcab8	java/nio/charset/CharsetDecoderICU	decodeLoop	(Ljava/nio/ByteBuffer;Ljava/nio/CharBuffer;)Ljava/nio/charset/CoderResult;	CharsetDecoderICU.java	-1
0x571bcb60	java/nio/charset/CharsetDecoderICU	implOnMalformedInput	(Ljava/nio/charset/CodingErrorAction;)V	CharsetDecoderICU.java	79
0x571bcb98	java/nio/charset/CharsetDecoderICU	implOnUnmappableCharacter	(Ljava/nio/charset/CodingErrorAction;)V	CharsetDecoderICU.java	83
0x571bcc08	java/nio/charset/CharsetDecoderICU	implReset	()V	CharsetDecoderICU.java	-1
0x571bc928	java/nio/charset/CharsetDecoderICU	<init>	(Ljava/nio/charset/Charset;FJ)V	CharsetDecoderICU.java	-1
0x571bc960	java/nio/charset/CharsetDecoderICU	getArray	(Ljava/nio/ByteBuffer;)I	CharsetDecoderICU.java	-1
0x571bc998	java/nio/charset/CharsetDecoderICU	getArray	(Ljava/nio/CharBuffer;)I	CharsetDecoderICU.java	171
0x571bc9d0	java/nio/charset/CharsetDecoderICU	newInstance	(Ljava/nio/charset/Charset;Ljava/lang/String;)Ljava/nio/charset/CharsetDecoderICU;	CharsetDecoderICU.java	-1
0x571bca08	java/nio/charset/CharsetDecoderICU	setPosition	(Ljava/nio/ByteBuffer;)V	CharsetDecoderICU.java	217
0x571bca40	java/nio/charset/CharsetDecoderICU	setPosition	(Ljava/nio/CharBuffer;)V	CharsetDecoderICU.java	-1
0x571bca78	java/nio/charset/CharsetDecoderICU	updateCallback	()V	CharsetDecoderICU.java	87
0x5713e278	dalvik/system/VMStack	getCallingClassLoader	()Ljava/lang/ClassLoader;	VMStack.java	-2
0x5726d6e8	android/provider/Settings$NameValueCache	getString	(Landroid/content/ContentResolver;Ljava/lang/String;)Ljava/lang/String;	Settings.java	714
0x5726d6a8	android/provider/Settings$NameValueCache	<init>	(Ljava/lang/String;Landroid/net/Uri;Ljava/lang/String;)V	Settings.java	707
0x571ad528	libcore/net/url/UrlUtils	getSchemePrefix	(Ljava/lang/String;)Ljava/lang/String;	UrlUtils.java	-1
0x571ad560	libcore/net/url/UrlUtils	isValidSchemeChar	(IC)Z	UrlUtils.java	-1
0x5734fc40	dalvik/system/DexFile	loadClassBinaryName	(Ljava/lang/String;Ljava/lang/ClassLoader;)Ljava/lang/Class;	DexFile.java	211
0x5734f9d0	dalvik/system/DexFile	defineClass	(Ljava/lang/String;Ljava/lang/ClassLoader;I)Ljava/lang/Class;	DexFile.java	-2
0x571ade10	java/lang/CaseMapper	toLowerCase	(Ljava/util/Locale;Ljava/lang/String;[CII)Ljava/lang/String;	CaseMapper.java	-1
0x57126440	libcore/io/BlockGuardOs	close	(Ljava/io/FileDescriptor;)V	BlockGuardOs.java	60
0x57126558	libcore/io/BlockGuardOs	open	(Ljava/lang/String;II)Ljava/io/FileDescriptor;	BlockGuardOs.java	106
0x571266e0	libcore/io/BlockGuardOs	read	(Ljava/io/FileDescriptor;[BII)I	BlockGuardOs.java	148
0x571240e8	java/io/FileInputStream	available	()I	FileInputStream.java	110
0x57124120	java/io/FileInputStream	close	()V	FileInputStream.java	115
0x57124238	java/io/FileInputStream	read	([BII)I	FileInputStream.java	179
0x57124038	java/io/FileInputStream	<init>	(Ljava/io/File;)V	FileInputStream.java	74
0x571e1d98	android/app/ContextImpl$ApplicationContentResolver	acquireProvider	(Landroid/content/Context;Ljava/lang/String;)Landroid/content/IContentProvider;	ContextImpl.java	1727
0x571ac7a8	java/util/concurrent/atomic/AtomicBoolean	set	(Z)V	AtomicBoolean.java	99
0x571ac650	java/util/concurrent/atomic/AtomicBoolean	<init>	()V	AtomicBoolean.java	48
0x570f15c0	java/lang/Exception	<init>	(Ljava/lang/String;)V	Exception.java	47
0x573a7668	android/provider/Settings$SettingNotFoundException	<init>	(Ljava/lang/String;)V	Settings.java	656
0x571fc450	android/content/pm/PackageItemInfo	<init>	(Landroid/os/Parcel;)V	PackageItemInfo.java	248
0x57126c50	libcore/io/ForwardingOs	fstat	(Ljava/io/FileDescriptor;)Llibcore/io/StructStat;	ForwardingOs.java	50
0x571271c8	libcore/io/ForwardingOs	ioctlInt	(Ljava/io/FileDescriptor;ILlibcore/util/MutableInt;)I	ForwardingOs.java	75
0x5713bc00	android/os/BinderProxy	queryLocalInterface	(Ljava/lang/String;)Landroid/os/IInterface;	Binder.java	393
0x5713bc38	android/os/BinderProxy	transact	(ILandroid/os/Parcel;Landroid/os/Parcel;I)Z	Binder.java	-2
0x5713b9c8	android/os/BinderProxy	<init>	()V	Binder.java	431
0x57103688	java/nio/charset/Charset	defaultCharset	()Ljava/nio/charset/Charset;	Charset.java	563
0x5712fa60	java/lang/VMClassLoader	findLoadedClass	(Ljava/lang/ClassLoader;Ljava/lang/String;)Ljava/lang/Class;	VMClassLoader.java	-2
0x5712fbb0	java/lang/VMClassLoader	loadClass	(Ljava/lang/String;Z)Ljava/lang/Class;	VMClassLoader.java	-2
0x57128690	java/lang/BootClassLoader	findClass	(Ljava/lang/String;)Ljava/lang/Class;	ClassLoader.java	765
0x571287e0	java/lang/BootClassLoader	loadClass	(Ljava/lang/String;Z)Ljava/lang/Class;	ClassLoader.java	822
0x57128650	java/lang/BootClassLoader	getInstance	()Ljava/lang/BootClassLoader;	ClassLoader.java	752
0x570f9f20	java/io/FileDescriptor	valid	()Z	FileDescriptor.java	83
0x570f9e00	java/io/FileDescriptor	<init>	()V	FileDescriptor.java	62
0x57133b98	android/content/res/StringBlock	get	(I)Ljava/lang/CharSequence;	StringBlock.java	62
0x57133ab0	android/content/res/StringBlock	nativeGetString	(II)Ljava/lang/String;	StringBlock.java	-2
0x57133ae8	android/content/res/StringBlock	nativeGetStyle	(II)[I	StringBlock.java	-2
0x570f14d8	java/lang/RuntimeException	<init>	(Ljava/lang/String;)V	RuntimeException.java	46
0x57257c88	libcore/io/IoUtils	close	(Ljava/io/FileDescriptor;)V	IoUtils.java	37
0x573a6d88	android/webkit/WebSettings$LayoutAlgorithm	<clinit>	()V	WebSettings.java	-1
0x573a6dc0	android/webkit/WebSettings$LayoutAlgorithm	<init>	(Ljava/lang/String;I)V	WebSettings.java	44
0x572b62c8	android/webkit/WebSettingsClassic	getUserAgentString	()Ljava/lang/String;	WebSettingsClassic.java	1488
0x572b53a8	android/webkit/WebSettingsClassic	<init>	(Landroid/content/Context;Landroid/webkit/WebViewClassic;)V	WebSettingsClassic.java	-1
0x572b5530	android/webkit/WebSettingsClassic	addLocaleToHttpAcceptLanguage	(Ljava/lang/StringBuilder;Ljava/util/Locale;)V	WebSettingsClassic.java	360
0x572b5568	android/webkit/WebSettingsClassic	convertObsoleteLanguageCodeToNew	(Ljava/lang/String;)Ljava/lang/String;	WebSettingsClassic.java	342
0x572b55a0	android/webkit/WebSettingsClassic	getCurrentAcceptLanguage	()Ljava/lang/String;	WebSettingsClassic.java	321
0x572b55d8	android/webkit/WebSettingsClassic	getCurrentUserAgent	()Ljava/lang/String;	WebSettingsClassic.java	377
0x571d8978	android/app/Application	dispatchActivityResumed	(Landroid/app/Activity;)V	Application.java	170
0x571d89e8	android/app/Application	dispatchActivityStarted	(Landroid/app/Activity;)V	Application.java	161
0x571d8820	android/app/Application	collectActivityLifecycleCallbacks	()[Ljava/lang/Object;	Application.java	226
0x5725fb70	android/os/AsyncTask$1	newThread	(Ljava/lang/Runnable;)Ljava/lang/Thread;	AsyncTask.java	188
0x5725fc98	android/os/AsyncTask$2	call	()Ljava/lang/Object;	AsyncTask.java	283
0x5725fc58	android/os/AsyncTask$2	<init>	(Landroid/os/AsyncTask;)V	AsyncTask.java	281
0x5713aa70	android/os/SystemProperties	get	(Ljava/lang/String;)Ljava/lang/String;	SystemProperties.java	51
0x5713ab50	android/os/SystemProperties	getLong	(Ljava/lang/String;J)J	SystemProperties.java	93
0x5713abc0	android/os/SystemProperties	native_get	(Ljava/lang/String;)Ljava/lang/String;	SystemProperties.java	-2
0x5713aca0	android/os/SystemProperties	native_get_long	(Ljava/lang/String;J)J	SystemProperties.java	-2
0x5725feb8	android/os/AsyncTask$3	<init>	(Landroid/os/AsyncTask;Ljava/util/concurrent/Callable;)V	AsyncTask.java	291
0x571ec820	android/app/LoadedApk	getApplicationInfo	()Landroid/content/pm/ApplicationInfo;	LoadedApk.java	182
0x570f3478	java/lang/NumberFormatException	<init>	(Ljava/lang/String;)V	NumberFormatException.java	43
0x571bb098	java/io/Reader	<init>	(Ljava/lang/Object;)V	Reader.java	62
0x57106f78	libcore/util/MutableInt	<init>	(I)V	MutableInt.java	22
0x571bb968	java/nio/ReadWriteHeapByteBuffer	protectedArray	()[B	ReadWriteHeapByteBuffer.java	81
0x571bb9a0	java/nio/ReadWriteHeapByteBuffer	protectedArrayOffset	()I	ReadWriteHeapByteBuffer.java	85
0x571bb9d8	java/nio/ReadWriteHeapByteBuffer	protectedHasArray	()Z	ReadWriteHeapByteBuffer.java	89
0x571bb7a0	java/nio/ReadWriteHeapByteBuffer	<init>	(I)V	ReadWriteHeapByteBuffer.java	49
0x570f2590	java/lang/IllegalArgumentException	<init>	(Ljava/lang/String;)V	IllegalArgumentException.java	43
0x57207148	android/content/res/Resources	getString	(I)Ljava/lang/String;	Resources.java	313
0x572071f0	android/content/res/Resources	getText	(I)Ljava/lang/CharSequence;	Resources.java	225
0x571bd508	libcore/icu/ErrorCode	isFailure	(I)Z	ErrorCode.java	18
0x57325340	com/android/internal/policy/impl/PhoneWindow	getDecorView	()Landroid/view/View;	PhoneWindow.java	1562
0x57325d18	com/android/internal/policy/impl/PhoneWindow	setTitle	(Ljava/lang/CharSequence;)V	PhoneWindow.java	329
0x5713ead8	java/lang/ThreadLocal	get	()Ljava/lang/Object;	ThreadLocal.java	53
0x5713ebf0	java/lang/ThreadLocal	values	(Ljava/lang/Thread;)Ljava/lang/ThreadLocal$Values;	ThreadLocal.java	121
0x573a6ef8	android/webkit/WebSettings$PluginState	<clinit>	()V	WebSettings.java	-1
0x573a6f30	android/webkit/WebSettings$PluginState	<init>	(Ljava/lang/String;I)V	WebSettings.java	140
0x57283e78	android/util/AndroidException	<init>	(Ljava/lang/String;)V	AndroidException.java	27
0x57119cb0	java/util/ArrayList	add	(Ljava/lang/Object;)Z	ArrayList.java	-1
0x57119e70	java/util/ArrayList	get	(I)Ljava/lang/Object;	ArrayList.java	303
0x5711a0a0	java/util/ArrayList	size	()I	ArrayList.java	315
0x5711a110	java/util/ArrayList	toArray	([Ljava/lang/Object;)[Ljava/lang/Object;	ArrayList.java	-1
0x57119ae8	java/util/ArrayList	<init>	()V	ArrayList.java	81
0x57208788	android/content/res/TypedArray	getBoolean	(IZ)Z	TypedArray.java	211
0x570fa910	dalvik/system/VMDebug	startClassPrep	()V	VMDebug.java	360
0x570faa28	dalvik/system/VMDebug	startMethodTracing	(Ljava/lang/String;II)V	VMDebug.java	171
0x570fabb0	dalvik/system/VMDebug	stopMethodTracing	()V	VMDebug.java	-2
0x5711dbf8	java/util/HashMap$HashMapEntry	<init>	(Ljava/lang/Object;Ljava/lang/Object;ILjava/util/HashMap$HashMapEntry;)V	HashMap.java	729
0x57371e58	java/util/concurrent/ThreadPoolExecutor$Worker	lock	()V	ThreadPoolExecutor.java	595
0x57371e90	java/util/concurrent/ThreadPoolExecutor$Worker	run	()V	ThreadPoolExecutor.java	569
0x57371ec8	java/util/concurrent/ThreadPoolExecutor$Worker	tryAcquire	(I)Z	ThreadPoolExecutor.java	-1
0x57371da8	java/util/concurrent/ThreadPoolExecutor$Worker	<init>	(Ljava/util/concurrent/ThreadPoolExecutor;Ljava/lang/Runnable;)V	ThreadPoolExecutor.java	562
0x571034c0	java/nio/charset/CharsetICU	newDecoder	()Ljava/nio/charset/CharsetDecoder;	CharsetICU.java	23
0x5720eeb0	android/database/DatabaseUtils	readExceptionFromParcel	(Landroid/os/Parcel;)V	DatabaseUtils.java	137
0x5736ee18	java/util/concurrent/locks/AbstractOwnableSynchronizer	getExclusiveOwnerThread	()Ljava/lang/Thread;	AbstractOwnableSynchronizer.java	55
0x5736ee50	java/util/concurrent/locks/AbstractOwnableSynchronizer	setExclusiveOwnerThread	(Ljava/lang/Thread;)V	AbstractOwnableSynchronizer.java	44
0x5736edd8	java/util/concurrent/locks/AbstractOwnableSynchronizer	<init>	()V	AbstractOwnableSynchronizer.java	30
0x5711a1a8	java/util/AbstractList	<init>	()V	AbstractList.java	376
0x5710f728	java/util/regex/Pattern	split	(Ljava/lang/CharSequence;)[Ljava/lang/String;	Pattern.java	329
0x5710f760	java/util/regex/Pattern	split	(Ljava/lang/CharSequence;I)[Ljava/lang/String;	Pattern.java	322
0x57128dd8	java/lang/StringBuilder	append	(Ljava/lang/CharSequence;II)Ljava/lang/Appendable;	StringBuilder.java	44
0x57128e10	java/lang/StringBuilder	append	(C)Ljava/lang/StringBuilder;	StringBuilder.java	124
0x57128eb8	java/lang/StringBuilder	append	(I)Ljava/lang/StringBuilder;	StringBuilder.java	139
0x57128f60	java/lang/StringBuilder	append	(Ljava/lang/CharSequence;II)Ljava/lang/StringBuilder;	StringBuilder.java	311
0x57128fd0	java/lang/StringBuilder	append	(Ljava/lang/String;)Ljava/lang/StringBuilder;	StringBuilder.java	216
0x57129698	java/lang/StringBuilder	length	()I	StringBuilder.java	44
0x57129890	java/lang/StringBuilder	toString	()Ljava/lang/String;	StringBuilder.java	663
0x57128c10	java/lang/StringBuilder	<init>	()V	StringBuilder.java	54
0x57128c48	java/lang/StringBuilder	<init>	(I)V	StringBuilder.java	67
0x571b7080	java/util/HashMap$Values	iterator	()Ljava/util/Iterator;	HashMap.java	922
0x571b6f60	java/util/HashMap$Values	<init>	(Ljava/util/HashMap;)V	HashMap.java	920
0x571b6f98	java/util/HashMap$Values	<init>	(Ljava/util/HashMap;Ljava/util/HashMap$1;)V	HashMap.java	920
0x570f42c0	java/lang/reflect/AccessibleObject	setAccessible	(Z)V	AccessibleObject.java	125
0x570f3fa8	java/lang/reflect/AccessibleObject	<init>	()V	AccessibleObject.java	102
0x57224ec8	android/widget/TextView	getKeyListener	()Landroid/text/method/KeyListener;	TextView.java	1381
0x57225da8	android/widget/TextView	isSuggestionsEnabled	()Z	TextView.java	-1
0x57226710	android/widget/TextView	onTextChanged	(Ljava/lang/CharSequence;III)V	TextView.java	7157
0x572267f0	android/widget/TextView	onVisibilityChanged	(Landroid/view/View;I)V	TextView.java	7488
0x57226908	android/widget/TextView	removeSuggestionSpans	(Ljava/lang/CharSequence;)Ljava/lang/CharSequence;	TextView.java	3754
0x57226b38	android/widget/TextView	sendOnTextChanged	(Ljava/lang/CharSequence;III)V	TextView.java	7238
0x57227ac0	android/widget/TextView	setText	(Ljava/lang/CharSequence;)V	TextView.java	3439
0x57227af8	android/widget/TextView	setText	(Ljava/lang/CharSequence;Landroid/widget/TextView$BufferType;)V	TextView.java	3464
0x57223bf0	android/widget/TextView	removeIntersectingSpans	(IILjava/lang/Class;)V	TextView.java	7218
0x57223c98	android/widget/TextView	sendBeforeTextChanged	(Ljava/lang/CharSequence;III)V	TextView.java	7203
0x57223e58	android/widget/TextView	setText	(Ljava/lang/CharSequence;Landroid/widget/TextView$BufferType;ZI)V	TextView.java	3473
0x573748d0	java/util/concurrent/locks/ReentrantLock$NonfairSync	lock	()V	ReentrantLock.java	-1
0x573a57a0	com/example/tracetest/MainActivity	onCreate	(Landroid/os/Bundle;)V	MainActivity.java	163
0x573a5810	com/example/tracetest/MainActivity	onResume	()V	MainActivity.java	175
0x573a5680	com/example/tracetest/MainActivity	access$0	(Lcom/example/tracetest/MainActivity;Ljava/lang/String;Ljava/lang/String;)Landroid/graphics/Bitmap;	MainActivity.java	60
0x573a56b8	com/example/tracetest/MainActivity	getBitmapFromUrl	(Ljava/lang/String;Ljava/lang/String;)Landroid/graphics/Bitmap;	MainActivity.java	62
0x573a56f0	com/example/tracetest/MainActivity	getDefaultUserAgentString	(Landroid/content/Context;)Ljava/lang/String;	MainActivity.java	104
0x573a5728	com/example/tracetest/MainActivity	initialize	()V	MainActivity.java	37
0x573a5760	com/example/tracetest/MainActivity	loadUrlFormSdcard	()Ljava/lang/String;	MainActivity.java	42
0x57109ab0	libcore/io/StructStat	<init>	(JJIJIIJJJJJJJ)V	StructStat.java	75
0x57266380	android/os/Looper	myLooper	()Landroid/os/Looper;	Looper.java	163
0x5726dec0	android/provider/Settings$System	getInt	(Landroid/content/ContentResolver;Ljava/lang/String;)I	Settings.java	937
0x5726dfd8	android/provider/Settings$System	getString	(Landroid/content/ContentResolver;Ljava/lang/String;)Ljava/lang/String;	Settings.java	851
0x5736e5d0	java/util/concurrent/locks/AbstractQueuedSynchronizer	acquire	(I)V	AbstractQueuedSynchronizer.java	1176
0x5736e720	java/util/concurrent/locks/AbstractQueuedSynchronizer	compareAndSetState	(II)Z	AbstractQueuedSynchronizer.java	545
0x5736e8a8	java/util/concurrent/locks/AbstractQueuedSynchronizer	getState	()I	AbstractQueuedSynchronizer.java	520
0x5736eb10	java/util/concurrent/locks/AbstractQueuedSynchronizer	release	(I)Z	AbstractQueuedSynchronizer.java	1239
0x5736eb80	java/util/concurrent/locks/AbstractQueuedSynchronizer	setState	(I)V	AbstractQueuedSynchronizer.java	529
0x5736e0c0	java/util/concurrent/locks/AbstractQueuedSynchronizer	<init>	()V	AbstractQueuedSynchronizer.java	278
0x57216d48	android/graphics/drawable/DrawableContainer	invalidateDrawable	(Landroid/graphics/drawable/Drawable;)V	DrawableContainer.java	249
0x57217090	android/graphics/drawable/DrawableContainer	setVisible	(ZZ)Z	DrawableContainer.java	268
0x573713a0	java/util/concurrent/ThreadPoolExecutor	beforeExecute	(Ljava/lang/Thread;Ljava/lang/Runnable;)V	ThreadPoolExecutor.java	1863
0x573713d8	java/util/concurrent/ThreadPoolExecutor	execute	(Ljava/lang/Runnable;)V	ThreadPoolExecutor.java	-1
0x57371678	java/util/concurrent/ThreadPoolExecutor	getThreadFactory	()Ljava/util/concurrent/ThreadFactory;	ThreadPoolExecutor.java	1434
0x573718e0	java/util/concurrent/ThreadPoolExecutor	runWorker	(Ljava/util/concurrent/ThreadPoolExecutor$Worker;)V	ThreadPoolExecutor.java	-1
0x57370e90	java/util/concurrent/ThreadPoolExecutor	addWorker	(Ljava/lang/Runnable;Z)Z	ThreadPoolExecutor.java	-1
0x57370f38	java/util/concurrent/ThreadPoolExecutor	clearInterruptsForTaskRun	()V	ThreadPoolExecutor.java	-1
0x57370fa8	java/util/concurrent/ThreadPoolExecutor	compareAndIncrementWorkerCount	(I)Z	ThreadPoolExecutor.java	376
0x57371210	java/util/concurrent/ThreadPoolExecutor	runStateLessThan	(II)Z	ThreadPoolExecutor.java	361
0x57371248	java/util/concurrent/ThreadPoolExecutor	runStateOf	(I)I	ThreadPoolExecutor.java	351
0x57371280	java/util/concurrent/ThreadPoolExecutor	workerCountOf	(I)I	ThreadPoolExecutor.java	352
0x571e9720	android/app/Instrumentation	callActivityOnCreate	(Landroid/app/Activity;Landroid/os/Bundle;)V	Instrumentation.java	1065
0x571e9800	android/app/Instrumentation	callActivityOnPostCreate	(Landroid/app/Activity;Landroid/os/Bundle;)V	Instrumentation.java	1142
0x571e98a8	android/app/Instrumentation	callActivityOnResume	(Landroid/app/Activity;)V	Instrumentation.java	1183
0x571e9918	android/app/Instrumentation	callActivityOnStart	(Landroid/app/Activity;)V	Instrumentation.java	1163
0x571cf530	android/app/ActivityManagerProxy	checkPermission	(Ljava/lang/String;II)I	ActivityManagerNative.java	2867
0x571cf958	android/app/ActivityManagerProxy	getContentProvider	(Landroid/app/IApplicationThread;Ljava/lang/String;Z)Landroid/app/IActivityManager$ContentProviderHolder;	ActivityManagerNative.java	-1
0x571114e8	libcore/icu/NativeConverter	decode	(J[BI[CI[IZ)I	NativeConverter.java	-2
0x571115c8	libcore/icu/NativeConverter	getAveCharsPerByte	(J)F	NativeConverter.java	-2
0x571116a8	libcore/icu/NativeConverter	openConverter	(Ljava/lang/String;)J	NativeConverter.java	-2
0x571116e0	libcore/icu/NativeConverter	resetByteToChar	(J)V	NativeConverter.java	-2
0x57111750	libcore/icu/NativeConverter	setCallbackDecode	(JIILjava/lang/String;)I	NativeConverter.java	-2
0x57111788	libcore/icu/NativeConverter	setCallbackDecode	(JLjava/nio/charset/CharsetDecoder;)I	NativeConverter.java	58
0x57111830	libcore/icu/NativeConverter	translateCodingErrorAction	(Ljava/nio/charset/CodingErrorAction;)I	NativeConverter.java	46
0x5719cff0	android/util/SparseArray	get	(I)Ljava/lang/Object;	SparseArray.java	73
0x5719d028	android/util/SparseArray	get	(ILjava/lang/Object;)Ljava/lang/Object;	SparseArray.java	82
0x5719d108	android/util/SparseArray	put	(ILjava/lang/Object;)V	SparseArray.java	-1
0x5719d1e8	android/util/SparseArray	size	()I	SparseArray.java	207
0x5719cdf0	android/util/SparseArray	<init>	()V	SparseArray.java	38
0x5719ce28	android/util/SparseArray	<init>	(I)V	SparseArray.java	-1
0x5719ce60	android/util/SparseArray	binarySearch	([IIII)I	SparseArray.java	337
0x571b0cf0	java/util/HashMap$HashIterator	nextEntry	()Ljava/util/HashMap$HashMapEntry;	HashMap.java	791
0x571b0c78	java/util/HashMap$HashIterator	<init>	(Ljava/util/HashMap;)V	HashMap.java	775
0x571bd8e8	java/nio/CharBuffer	array	()[C	CharBuffer.java	145
0x571bd920	java/nio/CharBuffer	arrayOffset	()I	CharBuffer.java	149
0x571bdbc0	java/nio/CharBuffer	hasArray	()Z	CharBuffer.java	347
0x571bd608	java/nio/CharBuffer	<init>	(I)V	CharBuffer.java	141
0x571bd720	java/nio/CharBuffer	wrap	([CII)Ljava/nio/CharBuffer;	CharBuffer.java	90
0x571331a0	android/content/res/AssetManager	getResourceText	(I)Ljava/lang/CharSequence;	AssetManager.java	149
0x57132b78	android/content/res/AssetManager	loadResourceValue	(ISLandroid/util/TypedValue;Z)I	AssetManager.java	-2
0x570fa2f8	java/lang/ref/Reference	get	()Ljava/lang/Object;	Reference.java	133
0x570fa210	java/lang/ref/Reference	<init>	(Ljava/lang/Object;Ljava/lang/ref/ReferenceQueue;)V	Reference.java	85
0x571beb48	java/nio/charset/CoderResult	isMalformed	()Z	CoderResult.java	182
0x571bebb8	java/nio/charset/CoderResult	isUnderflow	()Z	CoderResult.java	-1
0x571bebf0	java/nio/charset/CoderResult	isUnmappable	()Z	CoderResult.java	200
0x5711e4b0	java/lang/ref/WeakReference	<init>	(Ljava/lang/Object;)V	WeakReference.java	95
0x57368380	java/util/HashMap$ValueIterator	next	()Ljava/lang/Object;	HashMap.java	824
0x57368308	java/util/HashMap$ValueIterator	<init>	(Ljava/util/HashMap;)V	HashMap.java	822
0x57368340	java/util/HashMap$ValueIterator	<init>	(Ljava/util/HashMap;Ljava/util/HashMap$1;)V	HashMap.java	822
0x570f7550	java/nio/BaseByteBuffer	<init>	(ILjava/nio/MemoryBlock;)V	BaseByteBuffer.java	26
0x571c9180	android/app/ActivityManagerNative	getDefault	()Landroid/app/IActivityManager;	ActivityManagerNative.java	73
0x571d3a18	android/app/ApplicationThreadNative	asBinder	()Landroid/os/IBinder;	ApplicationThreadNative.java	606
0x5713f5a0	android/util/Singleton	get	()Ljava/lang/Object;	Singleton.java	32
0x570ef988	java/lang/Thread	getPriority	()I	Thread.java	584
0x570ef9f8	java/lang/Thread	getState	()Ljava/lang/Thread$State;	Thread.java	603
0x570efa30	java/lang/Thread	getThreadGroup	()Ljava/lang/ThreadGroup;	Thread.java	626
0x570efd40	java/lang/Thread	run	()V	Thread.java	855
0x570efe90	java/lang/Thread	start	()V	Thread.java	1044
0x570ef3d0	java/lang/Thread	<init>	(Ljava/lang/Runnable;Ljava/lang/String;)V	Thread.java	233
0x570ef590	java/lang/Thread	create	(Ljava/lang/ThreadGroup;Ljava/lang/Runnable;Ljava/lang/String;J)V	Thread.java	404
0x570ef5c8	java/lang/Thread	currentThread	()Ljava/lang/Thread;	Thread.java	476
0x570ef718	java/lang/Thread	interrupted	()Z	Thread.java	696
0x571be338	java/nio/ReadWriteCharArrayBuffer	protectedArray	()[C	ReadWriteCharArrayBuffer.java	79
0x571be370	java/nio/ReadWriteCharArrayBuffer	protectedArrayOffset	()I	ReadWriteCharArrayBuffer.java	83
0x571be3a8	java/nio/ReadWriteCharArrayBuffer	protectedHasArray	()Z	ReadWriteCharArrayBuffer.java	87
0x571be1e0	java/nio/ReadWriteCharArrayBuffer	<init>	([C)V	ReadWriteCharArrayBuffer.java	43
0x57175f50	android/os/MessageQueue	removeMessages	(Landroid/os/Handler;ILjava/lang/Object;)V	MessageQueue.java	368
0x57193350	android/app/ActivityThread	acquireExistingProvider	(Landroid/content/Context;Ljava/lang/String;Z)Landroid/content/IContentProvider;	ActivityThread.java	4461
0x57193388	android/app/ActivityThread	acquireProvider	(Landroid/content/Context;Ljava/lang/String;Z)Landroid/content/IContentProvider;	ActivityThread.java	4364
0x57193660	android/app/ActivityThread	getApplicationThread	()Landroid/app/ActivityThread$ApplicationThread;	ActivityThread.java	1774
0x57193ac0	android/app/ActivityThread	handleResumeActivity	(Landroid/os/IBinder;ZZ)V	ActivityThread.java	2657
0x57193d60	android/app/ActivityThread	performResumeActivity	(Landroid/os/IBinder;Z)Landroid/app/ActivityThread$ActivityClientRecord;	ActivityThread.java	-1
0x57194000	android/app/ActivityThread	unscheduleGcIdler	()V	ActivityThread.java	1853
0x57193038	android/app/ActivityThread	installProvider	(Landroid/content/Context;Landroid/app/IActivityManager$ContentProviderHolder;Landroid/content/pm/ProviderInfo;ZZZ)Landroid/app/IActivityManager$ContentProviderHolder;	ActivityThread.java	4675
0x57193070	android/app/ActivityThread	installProviderAuthoritiesLocked	(Landroid/content/IContentProvider;Landroid/content/ContentProvider;Landroid/app/IActivityManager$ContentProviderHolder;)Landroid/app/ActivityThread$ProviderClientRecord;	ActivityThread.java	4643
0x57193150	android/app/ActivityThread	performLaunchActivity	(Landroid/app/ActivityThread$ActivityClientRecord;Landroid/content/Intent;)Landroid/app/Activity;	ActivityThread.java	1981
0x5710d620	java/lang/System	arraycopy	(Ljava/lang/Object;ILjava/lang/Object;II)V	System.java	-2
0x572a6170	android/view/accessibility/AccessibilityManager	isEnabled	()Z	AccessibilityManager.java	173
0x572a5f00	android/view/accessibility/AccessibilityManager	getInstance	(Landroid/content/Context;)Landroid/view/accessibility/AccessibilityManager;	AccessibilityManager.java	137
0x5712f6a0	android/graphics/Paint	setTextScaleX	(F)V	Paint.java	-2
0x573a71f0	android/webkit/WebSettings$RenderPriority	<clinit>	()V	WebSettings.java	-1
0x573a7228	android/webkit/WebSettings$RenderPriority	<init>	(Ljava/lang/String;I)V	WebSettings.java	125
0x572582d0	android/net/Uri	access$300	()Ljava/lang/String;	Uri.java	47
0x57258340	android/net/Uri	decode	(Ljava/lang/String;)Ljava/lang/String;	Uri.java	-1
0x570f1d78	java/lang/ClassNotFoundException	<init>	(Ljava/lang/String;Ljava/lang/Throwable;)V	ClassNotFoundException.java	59
*end
SLOW                    )W        PW        yPW   =    (W:W=   \    V:W=   \    W\   z    W{       W{       PW{       PW{       QW       `W       aW       QW       W       PW       PW       QW       `W       aW       QW      W      W      W      W   1   W2  P   W2  P   W2  P   PWP  n   PWP  n   QWP  n   `WP  n   aWo     QWo     Wo     PWo     PW     QW     `W     aW     QW     W     W     W     W     xW     W  %   W  %   W  %   W  D   W&  D   xW&  D   yW&  D   W&  D   W&  D   pW&  D   WD  c   WD  c   qWD  c   Wc     Wc     Wc     yWc     Wc     Wc     W     xW     W     @4W     4W     W     W     W     W     PW     PW     QW     `W     aW     QW     W     PW  8   PW  8   QW  8   `W  8   aW  8   QW8  W   W8  W   W8  W   W8  W   W8  W   WW  u   4WW  u   A4WW  u   Wv     yWv     Wv     Wv     Wv     W     W     W  ,   PW  ,   PW  ,   QW  ,   `W  K   aW-  K   QW-  K   W-  K   PWK  i   PWK  i   QWK  i   `WK  i   aWj     QWj     Wj     Wj     Wj     W     W     W     W     PW     PW     QW     `W     aW     QW     W     PW     PW     QW     `W      aW      QW      W  ?   W!  ?   W!  ?   W!  ?   Wq     Wq     Wq     PWq     PW     QW     `W     aW     QW     W     PW     PW     QW     `W     aW     QW     W     W     W     W  	   W(  F   W(  F   W(  F   PWF  d   PWF  d   QWF  d   `WF  d   aWe     QWe     We     PWe     PW     QW     `W     aW     QW     W     W     W     W     W  :   W  :   W  :   PW  :   PW  :   QW:  Y   `W:  Y   aW:  Y   QWY  w   WY  w   PWY  w   PWY  w   QWY  w   `Ww     aWw     QWw     W     W     W     W     W.	  k	   WM	  k	   WM	  k	   PWM	  k	   PWM	  k	   QWl	  	   `Wl	  	   aWl	  	   QW	  	   W	  	   PW	  	   PW	  	   QW	  	   `W	  	   aW	  	   QW	  	   W	  	   W	  	   W	  	   W	  	   W	  
   W	  
   W	  
   PW	  
   PW	  "
   QW
  "
   `W
  "
   aW
  "
   QW#
  A
   W#
  A
   PW#
  A
   PW#
  A
   QW#
  A
   `W#
  A
   aWA
  _
   QWA
  _
   WA
     WA
     WA
     WA
     m:W
  v   hW     xW5     yW5     W5     0W5     WT     WT     WT     PWT     PWT     QWT     `WT     aWr     QWr     Wr     PWr     PWr     QWr     `Wr     aW     QW     W     W     W     W     1W  -   W  -   iW  -   hW  -   xW  -   yW  K   W  K   0W  K   W  K   W  K   W  K   PW  j   PW  j   QW  j   `W  j   aW  j   QW  j   W  j   PW     PW     QW     `W     aW     QW     W     W     W     W)     1W)     W)     iW)     W)     W)     WH     DW     ?W     ?W     DW     W  !   W  !   W  !   BW  !   BW  !   PIW  !   DW  !   S+W  @   ps+W  ^   qs+W  }   W  }   W<     m:W<     m:W[     W[     W[     m:W[     m:W     W     W     m:W     m:W  4   W  4   W  4   m:W  R   m:W  q   W     Wm     n:Wm     0o:W  	   W  (   W  (   1o:W  (   0o:W  (   W  (   W  F   1o:W  F   0o:W  F   W  F   W  F   1o:W  F   n:W  e   W  e   W     p:W%     p:WC     WC     WC     p:WC     p:W     W     W     p:W     p:W     W  ;   W  ;   p:W  ;   p:W  Y   W  Y   W  x   q:W  x   (r:W  x   W     W     )r:W     (r:W7     W7     W7     )r:WV     (r:Wt     Wt     Wt     )r:Wt     q:W     W     W  M   s:W  l   s:W  l   s:W  l   s:W     xW     W      W     W     W     Hq W     q W+     1W+     x+W+     y+Wh     ;Wh     Wh     (Wh     `Wh     aW     )W     W     :W     :W  #   :W  #   :W  #   W  #   `W  #   aW  A    W  A   !W  A    W  A   !W  A   	W  A   ;W  A   1W  `   q W  `   W  `   W  `   Iq W  `   yW  `   W  ~   W  ~   U+W      W      HW      IW      W      0U+W>     W>     W>     hU+W>     pW]     qW]     pW{     qW{     pW{     qW{     iU+W{     W{     HW     `W     aW     W      W     !W  6   W  6   IW  6   W  6   W  6   W  6   W  6   HW  6   `W  T   aW  T   W  T    W  T   !W  T   W  T   IW  T   W  T   W  T   HW  s   `W  s   aW  s   W  s    W  s   !W  s   W  s   IW  s   W     1U+W     PW     pW     qW     QW     W     PW     QW2     W2     WQ     HWQ     `WQ     aWQ     WQ      Wo     !Wo     Wo     IWo     Wo     Wo     HWo     `W     aW     W      W     !W     W     IW     W     W  *   W  *   W  *   W  *   W  *   W  *   U+W  *   U+W  H   W  H   W  g   u:W  g   u:W     pW&     `W&     aW&     W&     WE     qWE     pWE     qWE     pWE     qWc     u:Wc     u:Wc     H1Wc     HW     IW     I1W     `W     aW     W     W     W     W  <   W  <   W  <   1W  <   HW  <   `W  [   aW  [   W  [    W  [   !W  [   W  [   IW  [   	1W  [   1W  y   HW  y   `W  y   aW  y   W  y    W  y   !W  y   W  y   IW     	1W     W     W     hU+W     pW     qW     pW     qW     pW9     qW9     iU+W9     1W9     HW9     `W9     aW9     W9      W9     !WX     WX     IWX     	1WX     WX     WX     1WX     HWv     `Wv     aWv     Wv      Wv     !Wv     Wv     IWv     	1W      W      W      W      W      W      W      pW      qW  1    pW  1    qW  1    pW  1    qW  1    HW  1    IW  1    W  O    W  O    W  O    W  O     W  O    !W  O    HW  O    IW  n    W  n    W  n    W  n    W  n    W  n    W  n    W  n    W  n    1W-      HW-      `W-      aW-      W-       W-      !WL      WL      IWL      	1WL      1WL      HWL      `WL      aWL      Wj  !    Wj  !   !Wj  !   Wj  !   IWj  !   	1Wj  !   pWj  !   qWj  !   `Wj  %!   aW  %!   1W  %!   HW  %!   `W  %!   aW  %!   W  C!    W  C!   !W  C!   W  C!   IW  C!   	1W  C!   1W  C!   HW  C!   `W  C!   aW  b!   W  b!    W  b!   !W  b!   W  b!   W  b!    W  b!   !W  !   W  !   IW  !   	1W  !   `W  !   aW  !   1W  !   HW  !   `W  !   aW  !   W  !    W  !   !W  !   W  !   W  !    W  !   !W  !   W!  !   IW!  !   	1W!  !   1W!  !   HW!  !   `W!  !   aW!  !   W!  !    W!  !   !W@  !   W@  !   IW@  !   	1W@  !   W@  !    W@  !   W@  !   W@  !   q W^  !   1W^  !   x+W^  !   y+W}  "   ;W}  "   W}  "   (W  7"   `W  7"   aW  7"   )W  7"   W  7"   :W  7"   :W  V"   :W  V"   :W  t"   W  t"   `W  t"   aW  t"    W  t"   !W  t"    W  t"   !W  "   	W  "   ;W  "   1W  "   q W  "   W  "   W  "   W  "    W  "   W  "   W  "   q W  "   1W  "   x+W  "   y+W4  "   ;W4  "   W4  "   (WS  "   `WS  "   aWS  "   )WS  "   WS  "   :WS  "   :Wq  #   :Wq  #   :Wq  #   Wq  #   `Wq  #   aWq  #    W  ,#   !W  ,#    W  ,#   !W  ,#   	W  ,#   ;W  ,#   1W  ,#   q W  J#   W  J#   W  J#   W  J#   W  J#   W  i#   HW  i#   `W  i#   aW  i#   HW  i#   W  #   W  #   IW  #   (N/W  #   )N/W  #   HV/W
  #   V/W
  #   mW(  #   W(  #   W(  #   We  $   We  $   We  $   pWe  $   qW   $   W   $   mW   $    P/W   $   O/W   $   O/W   $   z6W  >$   `W  ]$   aW  ]$   z6W  ]$   `W  ]$   aW  ]$   hW  ]$   W  {$   W  {$   iW  {$   8Q/W  {$   W  $   `W  $   W  $   `W  $   aW  $   W  $    W  $   !W  $   W  $   W  $   aW  $   W  $   9Q/W  $   |6W  $   p~6W;  $   8~6W;  $   9~6W;  $   q~6W;  $   ({6W;  $   |6WY  $   WY  $   WY  $   	|6WY  $   WY  $   WY  $   |6WY  $   WY  $   Wx  %   	|6Wx  %   6Wx  %   6Wx  %   |6Wx  %   Wx  %   Wx  %   	|6Wx  %   W  2%   W  2%   `{6W  2%   z6W  2%   W  2%   W  2%   z6W  2%   6W  Q%   6W  Q%   a{6W  Q%   ){6W  Q%   |6W  Q%   6W  Q%   6W  Q%   ~6W  Q%   ~6W  p%   XP/W  p%   YP/W  p%   R/W  p%   86W  p%   96W  p%    6W  %   !6W  %   1W  %   W  %   W  %   W  %   W  %   1W  %   R/W  %   `W  %   aW  %   8Q/W  %   W  %   `W  %   W/  %   `W/  %   aW/  %   W/  %    W/  %   !W/  %   WN  %   WN  %   aWN  %   WN  %   9Q/WN  %   Hz6WN  %   Iz6WN  %   hWN  &   Wl  &   Wl  &   iWl  &   8Q/Wl  &   Wl  &   `Wl  &   Wl  &   `Wl  '&   aW  '&   W  '&    W  '&   !W  '&   W  '&   W  '&   aW  '&   W  E&   9Q/W  E&   |6W  E&   p~6W  E&   8~6W  E&   9~6W  E&   q~6W  E&   ({6W  E&   |6W  d&   W  d&   W  d&   	|6W  d&   W  d&   W  d&   |6W  d&   W  &   W  &   	|6W  &   6W  &   6W  &   |6W  &   W  &   W  &   	|6W  &   W  &   W  &   `{6W  &   z6W  &   W  &   W  &   z6W  &   6W  &   6W  &   a{6W#  &   ){6W#  &   |6W#  &   6W#  &   6W#  &   ~6W#  &   ~6W#  &   XP/W#  &   YP/WB  &   R/WB  &   86WB  &   96WB  &    6WB  &   !6WB  &   WB  &   WB  &   R/W`  &   `W`  &   aW`  &   8Q/W`  &   W`  &   `W`  &   W`  &   `W`  '   aW  '   W  '    W  '   !W  '   W  '   W  '    W  9'   !W  9'   W  9'   W  9'   aW  9'   W  9'   9Q/W  9'   Hz6W  9'   Iz6W  9'   hW  X'   W  X'   W  X'   iW  X'   8Q/W  X'   W  X'   `W  X'   W  X'   `W  v'   aW  v'   W  v'    W  v'   !W  v'   W  v'   W  v'   aW  v'   W  '   9Q/W  '   !P/W  '   V/W  '   IV/W  '   `W/W  '   O/W  '   O/W  '   W  '   W  '   W  '   W  '   W  '   W  '   aW/W  '   IW6  '   W6  '   U+W6  '   PWT  '   QWT  '   WT  '   WT  '   (WT  '   WT  '   Ws  (   Ws  (   Ws  (   Ws  (   0W  -(   W  -(   W  -(   W  -(   W  -(   W  L(   W  L(   W  k(   	W  k(   W  k(   XW  k(   YW  (   W  (   W  (   W  (   W  (   W  (   W  (   W  (   W  (   W  (   8W  (   9W  S*   p	W  S*   	W  S*   
W  S*   W  S*   W  q*   
W  q*   	W  q*   q	W  q*   
W  q*   W  q*   W  q*   
W  *   W  *   W  *   PW  *   QW  *   W  *   W  *   W  *   W  *   PW  *   QW  *   W  *   W  *   1W  *   W  *   )W   *   W   *   W   *    W   *   !W   *   W   *   W   *   W  *   W  *   W  *   W  *   &W=  
+   &W[  (+   HW  f+   @W  f+   W  f+   W  +   AW  +   IW  +   &W   +   W   +   8W   +   9W1   +   W1   +   &W1   +   &WO   ,   PWO   ,   `WO   ,   aWO   ,   Wn   ;,   Wn   Z,   QW   Z,   @W   Z,   W   Z,   W   Z,   AW   Z,   H%W   x,   %W   x,   %W   x,   %W   ,   %W   ,   %W   ,   @%W   ,   W!  ,   0W!  ,   W!  ,   W!  ,   1W%!  ,   W%!  ,   A%W%!  ,   %W%!  ,   I%W%!  ,   %W%!  -   WD!  -   3WD!  -   P3WD!  -   WD!  -   WD!  -   Wb!  /-   Wb!  /-   Q3Wb!  /-   Wb!  /-   Wb!  /-   Wb!  /-   Wb!  /-   `6W!  N-   a6W!  N-   XW!  N-   W!  N-   W!  N-   W!  l-   W!  l-   W!  l-   W!  l-   W!  -   	W!  -   :W!  -   :W!  -   PW!  -   W!  -   W!  -   QW!  -   W!  -   XW!  -   YW!  -   W!  -   W!  -   W!  -   W!  -   W"  -   8W"  -   9WV"  P2   p	WV"  P2   	WV"  P2   
WV"  P2   WV"  P2   Wu"  n2   
Wu"  n2   	Wu"  n2   q	Wu"  n2   
Wu"  n2   Wu"  n2   Wu"  n2   
W"  2   mW"  2   XmW"  2    lW"  2   kW"  2   A W"  2   A W"  2   ? W"  2   ? W"  2   W"  2   PW"  2   W"  2   HW"  2   IW"  2   W"  2   W#  3   HW#  3   IW#  3   W#  3   
W#  3   W#  3   W,#  %3   
W,#  %3   'W,#  %3   'W,#  %3   
W,#  %3   W,#  %3   W,#  %3   
WJ#  D3   WJ#  D3   HWJ#  D3   IWJ#  D3   WJ#  D3   'WJ#  D3   'WJ#  D3   
WJ#  D3   WJ#  b3   Wi#  b3   
Wi#  b3   
Wi#  b3   Wi#  b3   Wi#  b3   
Wi#  b3   xWi#  b3   Wi#  3   
W#  3   W#  3   W#  3   
W#  3   W#  3   yW#  3   QW#  3   0W#  3   W#  3   W#  3   `W#  3   PW#  3   W#  3   HW#  3   IW#  3   W#  3   W#  3   HW#  3   IW#  3   W#  3   
W#  3   W#  3   W#  3   
W#  3   'W#  3   'W#  3   
W#  3   W#  3   W#  3   
W$  3   W$  3   HW$  3   IW$  3   W$  3   'W$  3   'W$  4   
W $  4   W $  4   W $  4   
W $  4   
W $  4   W $  4   W $  4   
W $  84   xW?$  84   W?$  84   
W?$  84   W?$  84   W?$  84   
W?$  84   W]$  W4   yW]$  W4   QW]$  W4   W]$  W4   HW]$  W4   IW]$  W4   W|$  u4   W|$  u4   HW|$  u4   IW|$  u4   W|$  u4   W|$  u4   HW|$  u4   IW$  4   W$  4   W$  4   HW$  4   IW$  4   W$  4   
W$  4   W$  4   W$  4   
W$  4   
W$  4   W$  4   W$  4   
W$  4   
W$  4   W$  4   W$  4   
W$  4   
W$  4   W$  4   W$  4   
W$  4   
W$  4   W$  4   W$  4   
W$  4   W$  4   HW$  4   IW$  4   W$  4   W$  5   HW%  5   IW%  5   W%  5   W%  5   HW%  5   IW3%  ,5   W3%  ,5   W3%  ,5   
W3%  ,5   W3%  ,5   W3%  ,5   
W3%  ,5   	W3%  K5   WQ%  K5   
WQ%  K5   WQ%  K5   WQ%  K5   
WQ%  K5   	WQ%  K5   WQ%  K5   HWQ%  K5   IWp%  i5   Wp%  i5   
Wp%  i5   Wp%  i5   Wp%  i5   
Wp%  i5   
Wp%  5   W%  5   W%  5   
W%  5   
W%  5   W%  5   W%  5   
W%  5   
W%  5   W%  5   W%  5   
W%  5   
W%  5   W%  5   W%  5   
W%  5   W%  5   HW%  5   IW%  5   W%  5   W%  5   HW%  5   IW%  5   W%  5   
W%  5   W%  5   W%  5   
W%  5   
W%  6   W&  6   W&  6   
W&  6   aW&  6   W&  6   W&  6   1W&  6   W&   6   HW'&   6   IW'&   6   W'&   6   
W'&   6   W'&   6   WE&  ?6   
WE&  ?6   
WE&  ?6   WE&  ?6   WE&  ?6   
WE&  ?6   
WE&  ?6   WE&  ?6   Wd&  ]6   
Wd&  ]6   Wd&  ]6   Wd&  ]6   HWd&  ]6   IWd&  ]6   Wd&  ]6   W&  |6   HW&  |6   IW&  |6   W&  |6   W&  |6   HW&  |6   IW&  6   W&  6   
W&  6   W&  6   W&  6   
W&  6   W&  6   
W&  6   W&  6   W&  6   
W&  6   W&  6   W&  6   
W&  6   W&  6   W&  6   
W&  6   W&  6   
W&  6   W&  6   W&  6   
W&  6   
W&  6   W&  6   W&  6   
W&  6   
W'  7   W'  7   W'  7   
W'  7   ? W'  7   ? W'  7   A W'  7   A W'  7   xW:'  37   W:'  37   WX'  R7   XWX'  R7    WX'  R7   WX'  R7   WX'  R7   !WX'  p7   YWw'  p7   Ww'  p7   Ww'  p7   Ww'  p7   Ww'  p7   W'  7   W'  7   yW'  7   (9W'  7    W'  7   W'  7   CW'  7   CW'  7   )9W'  7   xW'  7   W'  7   W(  	8   XW(  	8    W(  	8   W(  	8   W(  	8   !W(  '8   YW.(  '8   W.(  '8   W.(  '8   W.(  '8   W.(  '8   W.(  '8   WL(  F8   yWL(  F8   
WL(  F8   WL(  d8   Wk(  d8   
Wk(  d8   kWk(  d8   lWk(  d8   YmWk(  d8   mWk(  d8   Wk(  d8   Wk(  8   PW(  8   QW(  8   W(  8   W(  8   W(  8   W(  8   PW(  8   QW(  8   W(  8   W(  8   YW(  8   80W(  8   DW(  8   	DW(  8   W(  8   `W(  8   aW(  8   W(  8   p0W)  8   (W)  8   `W)  8   W)  9   W")  9   xW")  9   W")  9   `W")  9   aW")  9   W")  9   W")  9   0W@)  :9   W@)  :9   W@)  :9   1W@)  :9   HW@)  X9   IW_)  X9   W_)  X9   W_)  X9   xW_)  X9   yW_)  X9   W_)  X9   W_)  w9   hW~)  w9   W~)  w9   W~)  w9   iW~)  w9   @W~)  w9   `W~)  w9   aW~)  w9   pW~)  9   qW)  9   W)  9    W)  9   !W)  9   W)  9   W)  9   W)  9   pW)  9   qW)  9   HW)  9   IW)  9   W)  9   W)  9   W)  9    W)  9   !W)  9   W)  9   AW)  9   	W)  9   yW)  9   aW)  9   )W)  9   `ZW)  9   aZW)  9   W)  9   W)  9   W*  :   W*  :   W*  :   W*  :   W*  :   xW*  :   yW*  :   W5*  .:   (W5*  .:   )W5*  .:   W5*  .:   W5*  .:   WS*  M:   WS*  M:   WS*  M:   WS*  M:   q0WS*  M:   8[WS*  k:   9[Wr*  k:   Wr*  k:   `Wr*  k:   aWr*  k:   xWr*  k:   yWr*  k:   Wr*  k:   (W*  :   )W*  :   W*  :   W*  :   W*  :   W*  :   W*  :   W*  :   90W*  :   3W*  :   W*  :   %W*  :   xDW*  :   W*  :   W*  :   W*  :   W*  :   W*  :   W*  :   W*  :   	W*  :   W*  :   XW*  :   YW
+  ;   W
+  ;   W
+  ;   XW
+  ;   YW)+  ";   W)+  ";   W)+  ";   W)+  ";   W)+  ";   W)+  ";   W)+  ";   W)+  ";   8WG+  A;   9W+  r<    W+  <   	W+  <   
W+  <   W+  <   W+  <   
W+  <   	W+  <    W+  <   xW+  <   W+  <   
W+  <   W+  <   W+  <   
W+  <   0/&W+  <   xB&W+  <   
W+  <   W+  <   W+  <   
W+  <   W+  <   pW+  <   qW,  =   W,  =   8W,  =   (W,  =   )W,  =   9W,  =   W,  =   W;,  )=   XW;,  )=    W;,  )=   W;,  )=   W;,  )=   !W;,  )=   YW;,  )=    WZ,  H=   WZ,  H=   WZ,  H=   !WZ,  H=   WZ,  H=   WZ,  H=   8WZ,  H=   (Wy,  f=   )Wy,  f=   9Wy,  f=   XWy,  f=   XWy,  f=   YWy,  f=   YWy,  =   8W,  =   (W,  =   )W,  =   9W,  =   W,  =   W,  =   W,  =   W,  =   yB&W,  =   1/&W,  =   W,  =   yW,  =   W,  =   W,  =   PW,  =   QW,  =   W,  =   W,  =   W,  =   W,  =   PW,  =   QW,  =   W,  =   W,  =   yDW,  =   7&W,  =   C&W,  =   
W-  =   W-  =   W-  =   
W-  =   W-  =   8W-  =   9W-  >   W0-  >   HW0-  >   XW0-  >   
W0-  >   W0-  >   W0-  <>   
WN-  <>   WN-  <>   HWN-  <>   IWN-  <>   WN-  <>   YWm-  Z>   XWm-  Z>   
Wm-  Z>   Wm-  Z>   Wm-  Z>   
Wm-  Z>   YWm-  Z>   Wm-  Z>   W-  y>   W-  y>   xW-  y>   yW-  y>   W-  y>   (W-  y>   )W-  y>   W-  >   W-  >   W-  >   W-  >   W-  >   W-  >   IW-  >   W-  >   W-  >   PW-  >   QW-  >   W-  >   W-  >   C&W-  >   W-  >   W-  >   W.  >   oW.  >   `oW.  >   xW.  >   yW.  >   aoW.  >   oW$.  ?   W$.  ?   pW$.  ?   8W$.  ?   @6W$.  ?   6W$.  ?   xW$.  ?   yWB.  0?   	6WB.  0?   A6WB.  0?   9WB.  0?   pWB.  0?   6WB.  0?   WB.  0?   Wa.  N?   6Wa.  N?   7&Wa.  N?   Wa.  N?   Wa.  N?   Wa.  N?   xWa.  N?   yWa.  N?   W.  m?   (W.  m?   )W.  m?   W.  m?   W.  m?   W.  m?   W.  m?   W.  ?   W.  ?   &W.  ?   &W.  ?   
W.  ?   
W.  ?   	W.  ?   W.  ?   HW.  ?   IW.  ?   W.  ?   W.  ?   HW.  ?   `W.  ?   aW.  ?   W.  ?    W.  ?   !W.  ?   W.  ?   IW.  ?   W.  ?   W.  ?   HW.  ?   W.  ?   W.  ?    W.  ?   !W.  ?   W/  @   W/  @   IW/  @   W/  @   W/  @   HW/  @   `W/  @   aW/  @   W6/  $@    W6/  $@   !W6/  $@   W6/  $@   IW6/  $@   W6/  $@   W6/  $@   W6/  $@   WU/  C@   WU/  C@   WU/  C@   WU/  C@   x4WU/  C@   %WU/  a@   Wt/  a@   Wt/  a@   Wt/  a@   Wt/  a@   Wt/  a@   Wt/  @   xW/  @   yW/  @   W/  @   W/  @   pW/  @   W/  @   W/  @   qW/  @   W/  @   W/  @   W/  @   W/  @   %W/  @   y4W/  @   	W/  @   
W/  @   
W/  @   W/  @   W0  @   hv:W+0  A   x>(W+0  A   W+0  A   WI0  7A   WI0  7A   WI0  7A   WI0  7A   xWI0  7A   yWI0  7A   WI0  7A   Wh0  UA   pWh0  UA   Wh0  UA   Wh0  UA   qWh0  UA   W0  tA   W0  tA   W0  tA   y>(W0  tA   iv:W0  tA   &W0  tA   S+W0  tA   DW0  A   QIW0  A   b+W0  A   pW0  A   qW0  A   pW0  A   qW0  A   W0  A   W0  A   PW0  A   QW0  A   b+W0  A   BW0  A   BW0  A   m:W0  A   V:W0  A   `W:W0  A   W 1  A   W 1  A   W 1  A   PW 1  A   PW 1  A   QW1  B   `W1  B   aW1  B   QW1  B   W1  B   PW1  +B   PW=1  +B   QW=1  +B   `W=1  +B   aW=1  +B   QW=1  +B   W=1  +B   W=1  +B   W\1  IB   W\1  IB   W\1  IB   Wz1  hB   Wz1  hB   Wz1  hB   W1  B   PW1  B   PW1  B   QW1  B   `W1  B   aW1  B   QW1  B   W1  B   PW1  B   PW1  B   QW1  B   `W1  B   aW1  B   QW1  B   W1  B   W1  B   W1  B   W1  B   @W1  B   W1  C   W2  C   W2  C   HW2  C   IW2  C   HW2  C   IW2  C   W2  C   `W2  C   aW12  C   W12  C   W12  C   `W12  C   aW12  C   W12  C   W12  >C   WP2  >C   HWP2  >C   IWP2  >C   WP2  >C   WP2  >C   HWP2  >C   `WP2  \C   aWo2  \C   Wo2  \C    Wo2  \C   !Wo2  \C   Wo2  \C   IWo2  \C   Wo2  \C   Wo2  {C   W2  {C   W2  {C    W2  {C   !W2  {C   W2  {C   W2  {C   W2  {C   W2  C   HW2  C   `W2  C   aW2  C   W2  C    W2  C   !W2  C   W2  C   W2  C    W2  C   !W2  C   W2  C   IW2  C   W2  C   W2  C   W2  C   W2  C   W2  C   W2  C   W2  C   W2  C   pW2  C   W3  C    W3  C   !W3  C   W3  C   qW3  C   W3  C   AW&3  D   W&3  D   W&3  D   W&3  D   PW&3  D   PW&3  2D   QWD3  2D   `WD3  2D   aWD3  2D   QWD3  2D   WD3  2D   PWD3  2D   PWc3  PD   QWc3  PD   `Wc3  PD   aWc3  PD   QWc3  PD   Wc3  PD   Wc3  PD   Wc3  oD   W3  oD   8@W3  oD   BW3  oD   XW3  oD    W3  D   W3  D   W3  D   !W3  D   YW3  D   BW3  D   W3  D   W3  D   W3  D   xW3  D   `W3  D   aW3  D   W3  D   W3  D   yW3  D   W3  D   +W3  D   XeW3  D    .W3  D   W3  D   W3  D   W3  D   W3  D   W3  D   W3  D   W3  D   x3W3  D   y3W3  E   3W4  E   3W4  E   W4  E   !.W4  E   /W4  E   /W4  E   IW4  E    W4  F   W4  F   IW4  G   YeW4  G    W4  G   !W4  G   PlW4  G   @W4  G   W4  -G   W4  -G   @W4  -G   QlW4  -G   8W4  KG   8W5  KG   +W5  KG   W5  KG   W5  KG   9@W5  KG   W-5  jG   W-5  jG   W-5  jG   PW-5  jG   PW-5  jG   QW-5  jG   `W-5  jG   aWj5  G   QWj5  G   Wj5  G   PWj5  G   PWj5  G   QW5  G   `W5  G   aW5  G   QW5  G   W5  G   W5  G   W5  G   W5  G   W5  G   W5  G   W5  G   PW5  G   PW5  H   QW5  H   `W5  H   aW5  H   QW5  H   W5  H   PW5  H   PW5  H   QW5  !H   `W5  !H   aW5  !H   QW5  !H   W5  !H   W5  !H   W5  !H   W5  ?H   W6  ?H   6W6  ?H   6W6  ?H   @W6  ^H   W!6  ^H   W!6  ^H    xW!6  ^H   W!6  ^H   W!6  ^H   W^6  H   PuW^6  H   wW^6  H   PW^6  H   QW^6  H   wW^6  H   QuW^6  H   W|6  H   W|6  H   W|6  H   !xW|6  H   4W|6  H   W|6  H   W|6  H   W6  H   W6  H   W6  H   (W6  H   W6  H   XW6  H    W6  H   W6  H   W6  I   !W6  I   YW6  I   W6  I   )W6  I   xW6  I   W6  4I   W6  4I   W6  4I   0W6  4I   1W6  4I    W6  4I   !W6  4I   0W6  4I   1W7  RI   W7  RI   W7  RI   PW7  RI   QW37  qI   W37  qI   W37  qI   	W37  qI   yW37  qI   W37  I   4WR7  I   WR7  I   `WR7  I   xWR7  I   WR7  I   WR7  I   WR7  I   0WR7  I   1Wp7  I    Wp7  I   !Wp7  I   0Wp7  I   1Wp7  I   Wp7  I   Wp7  I   PWp7  I   QW7  I   W7  I   W7  I   	W7  I   yW7  I   aW7  I   	W7  I   @W7  I   W7  I   xW7  I   W7  I   W7  I   W7  I   0W7  I   1W7  I    W7  	J   !W7  	J   0W7  	J   1W7  	J   W7  	J   W7  	J   PW7  	J   QW7  (J   W7  (J   W7  (J   	W7  (J   yW7  (J   W7  (J   AW7  FJ   W	8  FJ   HW	8  FJ   IW	8  FJ   W	8  FJ   AW	8  FJ   W	8  FJ   W	8  eJ   W(8  eJ   W(8  eJ   W(8  eJ   WF8  J   We8  J   PWe8  J   PWe8  J   We8  J   We8  J   QWe8  J   We8  J   W8  J   W8  J   W8  J    ;W8  J   ;W8  J    W8  J    ;W8  J   ;W8  J   W8  J   hW8  J   0W8  J   W8  J   PW8  J   QW8  J   	W8  J   1W8  J   iW8  J   W8  J   !W8  J   0W8  J   1W8  K   0W8  K   1W8  K   @W8  K   'W8  K   xoW8  :K   yoW8  :K   qW9  YK   8FW9  xK   9FWw9  K   qWw9  K   'Ww9  K   @Ww9  K    Ww9  K   Ww9  K   W9  K   W9  K   xyW9  K   W9  K   W9  K   yyW9  K   W9  K   W9  K   @yW9  K   hW9  K   iW9  K   AyW9  K   8BW9  K   +W9  K    ;W9  K   ;W9  L   fW9  L    .W9  L   W9  L   W9  L   W9  L   W9  L   W9  L   W9  /L   W9  /L   x3W9  /L   y3W9  /L   3W9  /L   3W9  /L   W:  ML   !.W:  ML   /W:  ML   /W:  ML   JW:  ML    =W:  ML   =W:  O   JW:  O   fW:  O   +W:  O   9BW:  O   W:  O   W:  O   W:  O   HW:  O   IW:  O   W:  O   0W:  O   W:  O   0W:  O   1W:  O   `W:  O   W:  O   W:  O   W:  O   W:  O   @yW:  O   hW:  O   iW:  O   AyW:  O   xyW:  O   W:  O   W:  O   yyW:  O   W:  O   W;  O   xyW;  O   W;  O   W;  O   yyW;  O   W;  O   W;  O   aW#;  P   W#;  P   W#;  P   W#;  P   W#;  P   W#;  P   W#;  P   8WA;  <P   9WA;  <P   WA;  <P    WA;  <P   pWA;  <P   qWA;  <P   !WA;  <P   WA;  <P   WA;  [P    W`;  [P   pW`;  [P   qW`;  [P   !W`;  [P   W`;  [P   W`;  [P   W`;  [P   W`;  yP   W;  P   W;  P   W;  P   W;  P   W;  P   (W;  P   )W;  P   W;  P   	W;  P   @W;  P   W;  P   W;  P   W;  P   W;  P   W;  P   W;  P    W;  P   pW;  P   qW;  P   !W;  P   W;  P   (W;  P   )W;  P   W;  P   AW;  P   W;  P   W;  P   W;  P   `W;  Q   aW<  Q   1W<  Q   W<  Q   W<  Q   W<  Q   W<  Q    W<  Q   W<  0Q   0W5<  0Q   1W5<  0Q   @W5<  0Q   'W5<  0Q   xoW5<  0Q   yoW5<  0Q   qW5<  OQ   8FWT<  OQ   9FWT<  OQ   qWT<  OQ   'WT<  OQ   @Wr<  nQ   Wr<  nQ   Wr<  nQ   HWr<  nQ   IWr<  nQ   Wr<  nQ   Wr<  nQ   Wr<  nQ   W<  Q   W<  Q   W<  Q   W<  Q   W<  Q   W<  Q    W<  Q   !W<  Q   W<  Q   QW<  Q   8W<  Q   W<  Q   W<  Q   W<  Q   W<  Q   W<  Q   W<  Q   W<  Q   	W<  Q   W<  Q    AW<  Q   W<  Q   W=  R   |%W=  R    W=  R   !W=  R   @dW=  R   PlW=  R   @W=  R   WH=  R   WH=  R   @WH=  R   QlWH=  R   x9WH=  R   y9WH=  R   >Wf=  R   >W=  S   AdW=  S   |%W=  S   !AW=  S   W=  S   9W=  7S   aW:W=  7S   )W:W=  7S   VW=  7S   ]W=  7S   ]W=  7S   *W=  7S   @S2W=  VS   AS2W=  VS   pW=  VS   0)W=  VS   pW=  VS   0)W=  tS   pW=  tS   0)W=  tS   pW=  tS   0)W=  tS   pW=  tS   0)W=  tS   pW=  S   PW=  S   QW=  S   qW=  S   pW=  S   0)W=  S   pW=  S   PW>  S   QW>  S   qW>  S   pW>  S   PW>  S   QW>  S   qW>  S   1)W>  S   qW<>  S   1)W<>  S   qW<>  S   pW<>  S   0)W<>  S   pW<>  S   PW<>  S   QW[>  S   qW[>  S   pW[>  S   PW[>  S   QW[>  S   qW[>  S   1)W[>  S   qW[>  T   1)Wy>  T   qWy>  T   pWy>  T   0)Wy>  T   1)Wy>  T   qWy>  T   1)Wy>  T   qWy>  +T   pW>  +T   0)W>  +T   pW>  +T   0)W>  +T   pW>  +T   PW>  +T   QW>  JT   qW>  JT   pW>  JT   PW>  JT   QW>  JT   qW>  JT   1)W>  JT   qW>  JT   1)W>  iT   qW>  iT   1)W>  iT   qW>  iT   1)W>  iT   qW>  iT   *W>  iT   VW>  iT   W>  T   W>  T   W>  T   PW>  T   PW>  T   QW?  T   `W?  T   aW?  T   QW?  T   W?  T   PW?  T   PW0?  T   QW0?  T   `W0?  T   aW0?  T   QW0?  T   W0?  T   W0?  T   W0?  T   WO?  T   Wm?  U   Wm?  U   Wm?  U   PWm?   U   PW?   U   QW?   U   `W?   U   aW?   U   QW?   U   W?   U   PW?  >U   PW?  >U   QW?  >U   `W?  >U   aW?  >U   QW?  >U   W?  >U   W?  ]U   W?  ]U   W?  {U   xW@  U   W$@  U   W$@  U   W$@  U   W$@  U   W$@  U   xW$@  U   yW$@  U   WC@  U   WC@  U   pWC@  U   WC@  U   WC@  U   qWC@  U   Wa@  U   Wa@  U   Wa@  U   yWa@  U   Wa@  U   Wa@  U   Wa@  U   xW@  V   W@  V   @4W@  V   4W@  V   W@  V   W@  QV   W@  QV   W@  QV   PW@  QV   PW@  oV   QW@  oV   `W@  oV   aW@  oV   QW@  oV   W@  oV   PW@  V   PW@  V   QW@  V   `W@  V   aW@  V   QW@  V   W@  V   W@  V   WA  V   WA  V   W7A  V   4W7A  V   A4W7A  V   W7A  V   yW7A  V   WVA  V   WVA  V   WVA  V   pw:WtA  W   L:WtA  W   PWtA  W   QWtA  W   PWA  'W   QWA  'W   X%WA  'W   0%WA  'W   %WA  'W   %WA  EW   1%WA  EW   Y%WA  EW   %WA  EW   X
WA  dW   6WA  W   6WA  W   6WA  W   6WA  W   6WA  W   6WB  W   Y
WB  W   %WB  W   L:WB  W   qw:WB  W   O:W+B  W    P:W+B  W   Q:W+B  W   Q:WJB  W   7WJB  W   WJB  W   WhB  W   7WhB  W   7WhB  W   7WB  X   WB  X   WB  X   H7WB  X   I7WB  X   7WB  X   7WB  X   7WB  9X   8WB  9X   WB  9X   WB  9X   9WB  9X   7WB  9X   7WB  XX   6WB  XX   6WB  XX   6WB  XX   6WB  XX   x7WB  XX   y7WB  vX   p%WB  vX   WB  vX   HWB  vX   IWB  vX   WC  X   WC  X   HWC  X   `WC  X   aWC  X   WC  X    WC  X   !WC  X   WC  X   IWC  X   WC  X   WC  X   WC  X   WC  X   8W>C  X   W>C  X   W>C  X   9W>C  X   W>C  X   W>C  X   hy$W>C  X   Hz$W>C  X   HW\C  X   `W\C  X   aW\C  X   W\C  X    W\C  X   !W\C  X   W\C  X   IW\C  X   Iz$W{C  Y   iy$W{C  Y   W{C  Y   W{C  Y   W{C  Y   W{C  Y   W{C  Y   W{C  -Y   WC  -Y   WC  -Y   WC  -Y   WC  -Y   xWC  -Y   yWC  -Y   WC  LY   WC  LY   WC  LY   WC  LY   WC  LY   WC  LY   WC  LY   0WC  LY   WC  jY   WC  jY   WC  jY   WC  jY   1WC  jY   WC  jY   WC  Y   WC  Y   WC  Y   WC  Y   WC  Y   WC  Y   WD  Y   WD  Y   WD  Y   WD  Y   WD  Y   WD  Y   WD  Y   q%WD  Y   7W2D  Y   (6W2D  Y   H7W2D  Y    6W2D  Y   W2D  Y   WQD  Y   !6WQD  Y   WQD  Y   WQD  Y   WQD  Y   WQD  Y   P6WQD  Y   Q6WQD  Y   H7WQD  Z   )6WoD  Z   WoD  Z   WoD  Z   H7WoD  Z   I7WoD  Z   WoD  Z   WoD  Z   `WD  "Z   aWD  "Z   xWD  "Z   yWD  "Z   WD  "Z   (WD  "Z   )WD  @Z   WD  @Z   WD  @Z   WD  @Z   WD  @Z   WD  @Z   WD  _Z   WD  _Z   `WD  _Z   WD  _Z   WD  _Z   aWD  _Z   x6WD  _Z   6WD  }Z   PF7WD  }Z   6WD  }Z   6WD  }Z   WD  }Z   WD  Z   WE  Z   WE  Z   6WE  Z   6WE  Z   P6WE  Z   Q6WE  Z   6WE  Z   6WE  Z   QF7W&E  Z   6W&E  Z   y6W&E  Z   W&E  Z   W&E  Z   WE  G\   WE  G\   WE  G\   WE  G\   H7WE  G\   I7WF  e\   7WF  e\   7WF  e\   P:WF  e\   O:WF  e\   W:WF  e\   *WF  e\   *W9F  \    W9F  \    W9F  \   @W    \   YW9F  \   `W9F  \   `W9F  \   7W    \   `W9F  \   `WWF  \   YWWF  \   7W   \   !pWWF  \   !WWF  \   X7W   \   qWWF  \   haWWF  \   6W   \   iaWWF  \   x]WWF  \   7W=   \   c&WvF  \   WvF  \    6W=   \   WvF  \   WvF  \   W=   \   WvF  \   WvF  \   WvF  \   W=   \   WF  \   x3WF  \   !6W\   \   y3WF  \   3WF  \   W\   \   3WF  \   WF  \   W\   \   c&WF  \   pOWF  \   Wz   \   qOWF  \   y]WF  \   Wz   \   WF  \   mWF  \   P6Wz   \   xZWF  \   Q6Wz   \   WF  ]   7W   ]   (WF  ]   }WF  ]   6W   ]    }WF  ]   }WF  ]   Y7W   ]   }WF  ]   )WF  ]   87W   ;]   WF  ;]   WF  ;]   (WF  ;]   W   ;]   `WF  ;]   aWF  ;]   W   ;]   )WF  ;]   WF  ;]   yZWF  ;]   WWG  Z]   7W   Z]   WWG  Z]   WG  Z]   7W   Z]    WG  Z]   WG  Z]   WG  Z]   W   x]   !WG  Z]   W-G  x]   mW-G  x]   W   x]   W-G  x]   `\W-G  x]   `W-G  x]   `W-G  x]   `W-G  x]   `W-G  x]   a\W-G  ]   WLG  ]   WLG  ]   qWLG  ]    WLG  ]    jWjG  ]   W1  ]   h^WjG  ]   i^WjG  ]   p\WjG  ]   W1  ]   q\WjG  ]   \WjG  ]   97W1  ]   \WjG  ]   mWjG  ]   ]WG  ]   7WP  ]   ]WG  ]   ]2WG  ]   7WP  ]    3WG  ]   X3WG  ]   WP  ]   z"WG  ]   z"WG  ]   X 7Wn  ]   X>"WG  ]   ]"WG  ]    6Wn  ]   ]"WG  ]   i"WG  ]   Wn  ]   	i"WG  ]   Wn  ^   WG  ]   !6W  ^   W  ^   WG  ^   `WG  ^   W  ^   aWG  ^   `WG  ^   W  /^   aWG  /^   <"WG  /^   W  /^   ;"WG  /^   ;"WG  /^   ;"WG  /^   6W  /^   ;"WG  /^   <"WG  /^   6W  N^   N"WG  N^   N"WH  N^   'WH  N^   WH  N^   WH  N^   'WH  N^   h(WH  N^   p (W!H  l^   q (W!H  l^   %W  l^    (W!H  l^    (W!H  l^   'W!H  l^   'W!H  l^    M:W  ^   (W!H  ^   )W@H  ^   !M:W  ^   hW@H  ^   W@H  ^   W@H  ^   W  ^   iW@H  ^   	'W@H  ^   W  ^   'W@H  ^   'W@H  ^   'W^H  ^   (W^H  ^   )W^H  ^   hW^H  ^   W^H  ^   W^H  ^   W&  ^   iW^H  ^   	'W^H  ^   'W^H  ^   i(W}H  ^   `W}H  ^   aW}H  ^   8k"W}H  ^   9k"W}H  ^   g"W}H  ^   g"W}H  ^   Y>"W}H  ^   z"WH  ^   z"WH  ^   X'WH  ^   `WH  ^   aWH  ^   Y'WH  ^   `bWH  ^   0RWH  _   h(WH  _   WH  _   WH  _   .WH  _   .WH  _   i(WH  _   X3WH  #_   Y3WH  #_   W  #_   X3WH  #_   Y3WH  #_   XHWH  #_   w:W  #_   PWH  #_   QWH  #_   w:W  B_   WH  B_   WH  B_   V:W  B_   .WH  B_   .WH  B_   YHWH  B_   V:W  B_   )WH  B_   )WH  B_   h(WI  `_   WI  `_   WI  `_   .WI  `_   .WI  `_   W  `_   i(WI  `_   )WI  `_    W4I  _   W  _   @@W4I  _   A@W4I  _   W  _    W4I  _    W4I  _   @@W4I  _   PW  _   A@WRI  _    WRI  _   PW  _   )WRI  _    WRI  _   @@WRI  _   QW  _   A@WRI  _    WRI  _   `W  _    WRI  _   g"WRI  _   @@WqI  _   A@WqI  _   g"WqI  _    WqI  _   aW8  _    WqI  _   g"WqI  _   QW8  _   @@WqI  _   A@WqI  _   WW  _   g"WI  _    WI  _   )WI  _   PWW  _   )WI  _    _*WI  _   PWW  _   _*WI  _   QWW  _   pa*WI  _   qa*WI  _   `Wu  _   1RWI  _   p!WI  _   ^!WI  _   XZ!WI  _   aWu  _   V!WI  _   WI  _   QWu  `   WI  `   W  `   V!WI  `   (WI  `   W  `   eWI  `   eWI  `   W  `   hV!WI  `   iV!WI  6`   W  6`   'WI  6`   WI  6`   WI  6`   'WI  6`   (WI  6`   YZ!WI  6`   ^!WI  6`   W  U`   ^!WI  U`   XZ!W
J  U`   V!W
J  U`   W
J  U`   W
J  U`   V!W
J  U`   Hm!W
J  U`   W  U`   V!W
J  U`   W
J  U`   W(J  s`   0W  s`   V!W(J  s`   V!W(J  s`   W(J  s`   1W  s`   W(J  s`   V!W(J  s`   (W(J  s`   (W  s`   eW(J  s`   eW(J  `   0W  `   hV!WGJ  `   iV!WGJ  `   W  `   'WGJ  `   WGJ  `   WGJ  `   W  `   'WGJ  `   (WGJ  `   1W  `   Im!WGJ  `   YZ!WeJ  `   ^!WeJ  `   W,  `   p!WeJ  `   abWeJ  `   W,  `   83WeJ  `   93WeJ  `   `W,  `   Y3WeJ  `   3WeJ  `   aW,  `   ]2WeJ  `   mWJ  `   jWJ  `   WK  `   WJ  `   WK  `   WJ  `   `WJ  `   `WK  `   aWJ  `   xWJ  `   aWi  `   yWJ  `   WJ  `   Wi  `   (WJ  `   Wi  `   )WJ  `   WJ  `   `Wi  `   WJ  `   WJ  `   aW  a   WJ  a   WJ  a   W  a   WJ  a   Q1WJ  a   W  a   XWJ  a   `W  a   WJ  a   WJ  *a   aW  *a   WJ  *a   @WJ  *a   W  *a   AWJ  *a   WJ  *a   WJ  *a   W  Ia   WJ  *a   YWJ  Ia   :WJ  Ia   W  Ia    @WJ  Ia   SWJ  Ia   W  Ia   P_WJ  Ia   Q_WJ  Ia   PW  Ia   SWJ  Ia   @WK  ga   W  ga   `=WK  ga   WK  ga   `WK  ga   W  ga   aWK  ga   WK  ga   W  ga   8qWK  ga   pW  a   pW;K  a   haW;K  a   iaW;K  a   qW  a   pW;K  a   x]W;K  a   pW  a   c&W;K  a   W;K  a   qW  a   W;K  a   WYK  a   pW!  a   WYK  a   WYK  a   qW!  a   WYK  a   WYK  a   x3WYK  a   HW!  a   y3WYK  a   3WYK  a   IW!  a   3WYK  a   WxK  a   c&WxK  a   W?  a   pOWxK  a   qOWxK  a   W?  a   y]WxK  a   WxK  a   W?  a   X:WxK  a   kWxK  a   W^  a   WWK  a   WWK  a   xWK  a   HW^  a    WK  a   WK  a   IW^  a   WK  a   !WK  a   W^   b   yWK  a   kWK   b   W|   b   W|   b   W|   b    RWK   b   HW|  b   IW  b   WK  b   W  b  